{"C:\\Users\\CHATZ\\Desktop\\MEDICARE\\medicare-backend\\src\\app.js": {"path":"C:\\Users\\CHATZ\\Desktop\\MEDICARE\\medicare-backend\\src\\app.js","statementMap":{"0":{"start":{"line":1,"column":16},"end":{"line":1,"column":34}},"1":{"start":{"line":2,"column":13},"end":{"line":2,"column":28}},"2":{"start":{"line":3,"column":15},"end":{"line":3,"column":32}},"3":{"start":{"line":4,"column":15},"end":{"line":4,"column":32}},"4":{"start":{"line":5,"column":21},"end":{"line":5,"column":45}},"5":{"start":{"line":6,"column":18},"end":{"line":6,"column":47}},"6":{"start":{"line":7,"column":18},"end":{"line":7,"column":47}},"7":{"start":{"line":8,"column":13},"end":{"line":8,"column":30}},"8":{"start":{"line":9,"column":13},"end":{"line":9,"column":28}},"9":{"start":{"line":11,"column":19},"end":{"line":11,"column":43}},"10":{"start":{"line":12,"column":21},"end":{"line":12,"column":48}},"11":{"start":{"line":13,"column":22},"end":{"line":13,"column":50}},"12":{"start":{"line":14,"column":26},"end":{"line":14,"column":58}},"13":{"start":{"line":15,"column":27},"end":{"line":15,"column":60}},"14":{"start":{"line":16,"column":24},"end":{"line":16,"column":53}},"15":{"start":{"line":17,"column":21},"end":{"line":17,"column":50}},"16":{"start":{"line":19,"column":12},"end":{"line":19,"column":21}},"17":{"start":{"line":22,"column":0},"end":{"line":22,"column":18}},"18":{"start":{"line":23,"column":0},"end":{"line":26,"column":4}},"19":{"start":{"line":29,"column":20},"end":{"line":38,"column":2}},"20":{"start":{"line":40,"column":23},"end":{"line":49,"column":2}},"21":{"start":{"line":51,"column":0},"end":{"line":51,"column":33}},"22":{"start":{"line":52,"column":0},"end":{"line":52,"column":35}},"23":{"start":{"line":55,"column":0},"end":{"line":55,"column":24}},"24":{"start":{"line":56,"column":0},"end":{"line":56,"column":48}},"25":{"start":{"line":57,"column":0},"end":{"line":57,"column":24}},"26":{"start":{"line":60,"column":0},"end":{"line":60,"column":23}},"27":{"start":{"line":63,"column":24},"end":{"line":63,"column":77}},"28":{"start":{"line":64,"column":0},"end":{"line":64,"column":72}},"29":{"start":{"line":67,"column":0},"end":{"line":69,"column":3}},"30":{"start":{"line":68,"column":2},"end":{"line":68,"column":81}},"31":{"start":{"line":72,"column":0},"end":{"line":72,"column":33}},"32":{"start":{"line":73,"column":0},"end":{"line":73,"column":38}},"33":{"start":{"line":74,"column":0},"end":{"line":74,"column":40}},"34":{"start":{"line":75,"column":0},"end":{"line":75,"column":48}},"35":{"start":{"line":76,"column":0},"end":{"line":76,"column":50}},"36":{"start":{"line":77,"column":0},"end":{"line":77,"column":43}},"37":{"start":{"line":80,"column":0},"end":{"line":80,"column":22}},"38":{"start":{"line":82,"column":0},"end":{"line":82,"column":21}}},"fnMap":{"0":{"name":"(anonymous_0)","decl":{"start":{"line":67,"column":23},"end":{"line":67,"column":24}},"loc":{"start":{"line":67,"column":37},"end":{"line":69,"column":1}},"line":67}},"branchMap":{"0":{"loc":{"start":{"line":24,"column":10},"end":{"line":24,"column":61}},"type":"binary-expr","locations":[{"start":{"line":24,"column":10},"end":{"line":24,"column":34}},{"start":{"line":24,"column":38},"end":{"line":24,"column":61}}],"line":24}},"s":{"0":6,"1":6,"2":6,"3":6,"4":6,"5":6,"6":6,"7":6,"8":6,"9":6,"10":6,"11":6,"12":6,"13":6,"14":6,"15":6,"16":6,"17":6,"18":6,"19":6,"20":6,"21":6,"22":6,"23":6,"24":6,"25":6,"26":6,"27":6,"28":6,"29":6,"30":0,"31":6,"32":6,"33":6,"34":6,"35":6,"36":6,"37":6,"38":6},"f":{"0":0},"b":{"0":[6,0]},"_coverageSchema":"1a1c01bbd47fc00a2c39e90264f33305004495a9","hash":"0548b2f0af927c0f71f1b39efcb82f0098bb0c51"}
,"C:\\Users\\CHATZ\\Desktop\\MEDICARE\\medicare-backend\\src\\controllers\\appointmentController.js": {"path":"C:\\Users\\CHATZ\\Desktop\\MEDICARE\\medicare-backend\\src\\controllers\\appointmentController.js","statementMap":{"0":{"start":{"line":1,"column":47},"end":{"line":1,"column":67}},"1":{"start":{"line":2,"column":15},"end":{"line":2,"column":35}},"2":{"start":{"line":3,"column":43},"end":{"line":3,"column":74}},"3":{"start":{"line":4,"column":52},"end":{"line":4,"column":90}},"4":{"start":{"line":6,"column":27},"end":{"line":46,"column":1}},"5":{"start":{"line":7,"column":2},"end":{"line":45,"column":3}},"6":{"start":{"line":8,"column":17},"end":{"line":8,"column":50}},"7":{"start":{"line":9,"column":18},"end":{"line":9,"column":53}},"8":{"start":{"line":10,"column":19},"end":{"line":10,"column":37}},"9":{"start":{"line":12,"column":18},"end":{"line":12,"column":20}},"10":{"start":{"line":13,"column":4},"end":{"line":13,"column":58}},"11":{"start":{"line":13,"column":26},"end":{"line":13,"column":58}},"12":{"start":{"line":14,"column":4},"end":{"line":14,"column":64}},"13":{"start":{"line":14,"column":24},"end":{"line":14,"column":64}},"14":{"start":{"line":15,"column":4},"end":{"line":15,"column":67}},"15":{"start":{"line":15,"column":29},"end":{"line":15,"column":67}},"16":{"start":{"line":16,"column":4},"end":{"line":16,"column":70}},"17":{"start":{"line":16,"column":30},"end":{"line":16,"column":70}},"18":{"start":{"line":18,"column":4},"end":{"line":21,"column":5}},"19":{"start":{"line":19,"column":21},"end":{"line":19,"column":82}},"20":{"start":{"line":20,"column":6},"end":{"line":20,"column":46}},"21":{"start":{"line":20,"column":18},"end":{"line":20,"column":46}},"22":{"start":{"line":23,"column":28},"end":{"line":34,"column":6}},"23":{"start":{"line":36,"column":4},"end":{"line":42,"column":34}},"24":{"start":{"line":44,"column":4},"end":{"line":44,"column":14}},"25":{"start":{"line":48,"column":26},"end":{"line":82,"column":1}},"26":{"start":{"line":49,"column":2},"end":{"line":81,"column":3}},"27":{"start":{"line":50,"column":92},"end":{"line":50,"column":100}},"28":{"start":{"line":52,"column":25},"end":{"line":52,"column":83}},"29":{"start":{"line":53,"column":4},"end":{"line":55,"column":5}},"30":{"start":{"line":54,"column":6},"end":{"line":54,"column":58}},"31":{"start":{"line":57,"column":21},"end":{"line":57,"column":92}},"32":{"start":{"line":58,"column":4},"end":{"line":60,"column":5}},"33":{"start":{"line":59,"column":6},"end":{"line":59,"column":92}},"34":{"start":{"line":62,"column":17},"end":{"line":62,"column":41}},"35":{"start":{"line":63,"column":18},"end":{"line":63,"column":47}},"36":{"start":{"line":64,"column":31},"end":{"line":64,"column":78}},"37":{"start":{"line":66,"column":24},"end":{"line":76,"column":6}},"38":{"start":{"line":78,"column":4},"end":{"line":78,"column":78}},"39":{"start":{"line":80,"column":4},"end":{"line":80,"column":14}},"40":{"start":{"line":84,"column":27},"end":{"line":101,"column":1}},"41":{"start":{"line":85,"column":2},"end":{"line":100,"column":3}},"42":{"start":{"line":86,"column":24},"end":{"line":93,"column":6}},"43":{"start":{"line":95,"column":4},"end":{"line":95,"column":79}},"44":{"start":{"line":95,"column":22},"end":{"line":95,"column":79}},"45":{"start":{"line":97,"column":4},"end":{"line":97,"column":75}},"46":{"start":{"line":99,"column":4},"end":{"line":99,"column":14}},"47":{"start":{"line":103,"column":26},"end":{"line":153,"column":1}},"48":{"start":{"line":104,"column":2},"end":{"line":152,"column":3}},"49":{"start":{"line":105,"column":24},"end":{"line":105,"column":65}},"50":{"start":{"line":106,"column":4},"end":{"line":106,"column":79}},"51":{"start":{"line":106,"column":22},"end":{"line":106,"column":79}},"52":{"start":{"line":108,"column":4},"end":{"line":113,"column":5}},"53":{"start":{"line":109,"column":21},"end":{"line":109,"column":82}},"54":{"start":{"line":110,"column":6},"end":{"line":112,"column":7}},"55":{"start":{"line":111,"column":8},"end":{"line":111,"column":96}},"56":{"start":{"line":115,"column":26},"end":{"line":115,"column":136}},"57":{"start":{"line":116,"column":20},"end":{"line":116,"column":22}},"58":{"start":{"line":117,"column":4},"end":{"line":119,"column":7}},"59":{"start":{"line":118,"column":6},"end":{"line":118,"column":74}},"60":{"start":{"line":118,"column":41},"end":{"line":118,"column":74}},"61":{"start":{"line":121,"column":4},"end":{"line":134,"column":5}},"62":{"start":{"line":122,"column":19},"end":{"line":122,"column":75}},"63":{"start":{"line":123,"column":20},"end":{"line":123,"column":64}},"64":{"start":{"line":124,"column":18},"end":{"line":124,"column":58}},"65":{"start":{"line":125,"column":23},"end":{"line":125,"column":65}},"66":{"start":{"line":128,"column":6},"end":{"line":133,"column":7}},"67":{"start":{"line":129,"column":25},"end":{"line":129,"column":89}},"68":{"start":{"line":130,"column":8},"end":{"line":132,"column":9}},"69":{"start":{"line":131,"column":10},"end":{"line":131,"column":90}},"70":{"start":{"line":136,"column":4},"end":{"line":147,"column":9}},"71":{"start":{"line":149,"column":4},"end":{"line":149,"column":73}},"72":{"start":{"line":151,"column":4},"end":{"line":151,"column":14}},"73":{"start":{"line":155,"column":26},"end":{"line":166,"column":1}},"74":{"start":{"line":156,"column":2},"end":{"line":165,"column":3}},"75":{"start":{"line":157,"column":24},"end":{"line":157,"column":65}},"76":{"start":{"line":158,"column":4},"end":{"line":158,"column":79}},"77":{"start":{"line":158,"column":22},"end":{"line":158,"column":79}},"78":{"start":{"line":160,"column":4},"end":{"line":160,"column":54}},"79":{"start":{"line":162,"column":4},"end":{"line":162,"column":75}},"80":{"start":{"line":164,"column":4},"end":{"line":164,"column":14}},"81":{"start":{"line":168,"column":22},"end":{"line":185,"column":1}},"82":{"start":{"line":169,"column":2},"end":{"line":184,"column":3}},"83":{"start":{"line":170,"column":70},"end":{"line":170,"column":79}},"84":{"start":{"line":172,"column":4},"end":{"line":174,"column":5}},"85":{"start":{"line":173,"column":6},"end":{"line":173,"column":96}},"86":{"start":{"line":176,"column":19},"end":{"line":176,"column":102}},"87":{"start":{"line":178,"column":4},"end":{"line":181,"column":36}},"88":{"start":{"line":183,"column":4},"end":{"line":183,"column":14}},"89":{"start":{"line":187,"column":0},"end":{"line":187,"column":132}}},"fnMap":{"0":{"name":"(anonymous_0)","decl":{"start":{"line":6,"column":27},"end":{"line":6,"column":28}},"loc":{"start":{"line":6,"column":53},"end":{"line":46,"column":1}},"line":6},"1":{"name":"(anonymous_1)","decl":{"start":{"line":48,"column":26},"end":{"line":48,"column":27}},"loc":{"start":{"line":48,"column":52},"end":{"line":82,"column":1}},"line":48},"2":{"name":"(anonymous_2)","decl":{"start":{"line":84,"column":27},"end":{"line":84,"column":28}},"loc":{"start":{"line":84,"column":53},"end":{"line":101,"column":1}},"line":84},"3":{"name":"(anonymous_3)","decl":{"start":{"line":103,"column":26},"end":{"line":103,"column":27}},"loc":{"start":{"line":103,"column":52},"end":{"line":153,"column":1}},"line":103},"4":{"name":"(anonymous_4)","decl":{"start":{"line":117,"column":26},"end":{"line":117,"column":27}},"loc":{"start":{"line":117,"column":37},"end":{"line":119,"column":5}},"line":117},"5":{"name":"(anonymous_5)","decl":{"start":{"line":155,"column":26},"end":{"line":155,"column":27}},"loc":{"start":{"line":155,"column":52},"end":{"line":166,"column":1}},"line":155},"6":{"name":"(anonymous_6)","decl":{"start":{"line":168,"column":22},"end":{"line":168,"column":23}},"loc":{"start":{"line":168,"column":48},"end":{"line":185,"column":1}},"line":168}},"branchMap":{"0":{"loc":{"start":{"line":8,"column":17},"end":{"line":8,"column":50}},"type":"binary-expr","locations":[{"start":{"line":8,"column":17},"end":{"line":8,"column":45}},{"start":{"line":8,"column":49},"end":{"line":8,"column":50}}],"line":8},"1":{"loc":{"start":{"line":9,"column":18},"end":{"line":9,"column":53}},"type":"binary-expr","locations":[{"start":{"line":9,"column":18},"end":{"line":9,"column":47}},{"start":{"line":9,"column":51},"end":{"line":9,"column":53}}],"line":9},"2":{"loc":{"start":{"line":13,"column":4},"end":{"line":13,"column":58}},"type":"if","locations":[{"start":{"line":13,"column":4},"end":{"line":13,"column":58}},{"start":{},"end":{}}],"line":13},"3":{"loc":{"start":{"line":14,"column":4},"end":{"line":14,"column":64}},"type":"if","locations":[{"start":{"line":14,"column":4},"end":{"line":14,"column":64}},{"start":{},"end":{}}],"line":14},"4":{"loc":{"start":{"line":15,"column":4},"end":{"line":15,"column":67}},"type":"if","locations":[{"start":{"line":15,"column":4},"end":{"line":15,"column":67}},{"start":{},"end":{}}],"line":15},"5":{"loc":{"start":{"line":16,"column":4},"end":{"line":16,"column":70}},"type":"if","locations":[{"start":{"line":16,"column":4},"end":{"line":16,"column":70}},{"start":{},"end":{}}],"line":16},"6":{"loc":{"start":{"line":18,"column":4},"end":{"line":21,"column":5}},"type":"if","locations":[{"start":{"line":18,"column":4},"end":{"line":21,"column":5}},{"start":{},"end":{}}],"line":18},"7":{"loc":{"start":{"line":20,"column":6},"end":{"line":20,"column":46}},"type":"if","locations":[{"start":{"line":20,"column":6},"end":{"line":20,"column":46}},{"start":{},"end":{}}],"line":20},"8":{"loc":{"start":{"line":53,"column":4},"end":{"line":55,"column":5}},"type":"if","locations":[{"start":{"line":53,"column":4},"end":{"line":55,"column":5}},{"start":{},"end":{}}],"line":53},"9":{"loc":{"start":{"line":58,"column":4},"end":{"line":60,"column":5}},"type":"if","locations":[{"start":{"line":58,"column":4},"end":{"line":60,"column":5}},{"start":{},"end":{}}],"line":58},"10":{"loc":{"start":{"line":95,"column":4},"end":{"line":95,"column":79}},"type":"if","locations":[{"start":{"line":95,"column":4},"end":{"line":95,"column":79}},{"start":{},"end":{}}],"line":95},"11":{"loc":{"start":{"line":106,"column":4},"end":{"line":106,"column":79}},"type":"if","locations":[{"start":{"line":106,"column":4},"end":{"line":106,"column":79}},{"start":{},"end":{}}],"line":106},"12":{"loc":{"start":{"line":108,"column":4},"end":{"line":113,"column":5}},"type":"if","locations":[{"start":{"line":108,"column":4},"end":{"line":113,"column":5}},{"start":{},"end":{}}],"line":108},"13":{"loc":{"start":{"line":110,"column":6},"end":{"line":112,"column":7}},"type":"if","locations":[{"start":{"line":110,"column":6},"end":{"line":112,"column":7}},{"start":{},"end":{}}],"line":110},"14":{"loc":{"start":{"line":110,"column":10},"end":{"line":110,"column":56}},"type":"binary-expr","locations":[{"start":{"line":110,"column":10},"end":{"line":110,"column":17}},{"start":{"line":110,"column":21},"end":{"line":110,"column":56}}],"line":110},"15":{"loc":{"start":{"line":118,"column":6},"end":{"line":118,"column":74}},"type":"if","locations":[{"start":{"line":118,"column":6},"end":{"line":118,"column":74}},{"start":{},"end":{}}],"line":118},"16":{"loc":{"start":{"line":121,"column":4},"end":{"line":134,"column":5}},"type":"if","locations":[{"start":{"line":121,"column":4},"end":{"line":134,"column":5}},{"start":{},"end":{}}],"line":121},"17":{"loc":{"start":{"line":121,"column":8},"end":{"line":121,"column":74}},"type":"binary-expr","locations":[{"start":{"line":121,"column":8},"end":{"line":121,"column":26}},{"start":{"line":121,"column":30},"end":{"line":121,"column":46}},{"start":{"line":121,"column":50},"end":{"line":121,"column":74}}],"line":121},"18":{"loc":{"start":{"line":122,"column":19},"end":{"line":122,"column":75}},"type":"binary-expr","locations":[{"start":{"line":122,"column":19},"end":{"line":122,"column":43}},{"start":{"line":122,"column":47},"end":{"line":122,"column":75}}],"line":122},"19":{"loc":{"start":{"line":123,"column":20},"end":{"line":123,"column":64}},"type":"binary-expr","locations":[{"start":{"line":123,"column":20},"end":{"line":123,"column":38}},{"start":{"line":123,"column":42},"end":{"line":123,"column":64}}],"line":123},"20":{"loc":{"start":{"line":124,"column":18},"end":{"line":124,"column":58}},"type":"binary-expr","locations":[{"start":{"line":124,"column":18},"end":{"line":124,"column":34}},{"start":{"line":124,"column":38},"end":{"line":124,"column":58}}],"line":124},"21":{"loc":{"start":{"line":125,"column":23},"end":{"line":125,"column":65}},"type":"binary-expr","locations":[{"start":{"line":125,"column":23},"end":{"line":125,"column":40}},{"start":{"line":125,"column":44},"end":{"line":125,"column":65}}],"line":125},"22":{"loc":{"start":{"line":128,"column":6},"end":{"line":133,"column":7}},"type":"if","locations":[{"start":{"line":128,"column":6},"end":{"line":133,"column":7}},{"start":{},"end":{}}],"line":128},"23":{"loc":{"start":{"line":128,"column":10},"end":{"line":128,"column":153}},"type":"binary-expr","locations":[{"start":{"line":128,"column":10},"end":{"line":128,"column":47}},{"start":{"line":128,"column":51},"end":{"line":128,"column":83}},{"start":{"line":128,"column":87},"end":{"line":128,"column":115}},{"start":{"line":128,"column":119},"end":{"line":128,"column":153}}],"line":128},"24":{"loc":{"start":{"line":130,"column":8},"end":{"line":132,"column":9}},"type":"if","locations":[{"start":{"line":130,"column":8},"end":{"line":132,"column":9}},{"start":{},"end":{}}],"line":130},"25":{"loc":{"start":{"line":138,"column":20},"end":{"line":138,"column":64}},"type":"binary-expr","locations":[{"start":{"line":138,"column":20},"end":{"line":138,"column":38}},{"start":{"line":138,"column":42},"end":{"line":138,"column":64}}],"line":138},"26":{"loc":{"start":{"line":139,"column":19},"end":{"line":139,"column":61}},"type":"binary-expr","locations":[{"start":{"line":139,"column":19},"end":{"line":139,"column":36}},{"start":{"line":139,"column":40},"end":{"line":139,"column":61}}],"line":139},"27":{"loc":{"start":{"line":140,"column":26},"end":{"line":140,"column":82}},"type":"binary-expr","locations":[{"start":{"line":140,"column":26},"end":{"line":140,"column":50}},{"start":{"line":140,"column":54},"end":{"line":140,"column":82}}],"line":140},"28":{"loc":{"start":{"line":141,"column":20},"end":{"line":141,"column":64}},"type":"binary-expr","locations":[{"start":{"line":141,"column":20},"end":{"line":141,"column":38}},{"start":{"line":141,"column":42},"end":{"line":141,"column":64}}],"line":141},"29":{"loc":{"start":{"line":142,"column":18},"end":{"line":142,"column":58}},"type":"binary-expr","locations":[{"start":{"line":142,"column":18},"end":{"line":142,"column":34}},{"start":{"line":142,"column":38},"end":{"line":142,"column":58}}],"line":142},"30":{"loc":{"start":{"line":143,"column":14},"end":{"line":143,"column":46}},"type":"binary-expr","locations":[{"start":{"line":143,"column":14},"end":{"line":143,"column":26}},{"start":{"line":143,"column":30},"end":{"line":143,"column":46}}],"line":143},"31":{"loc":{"start":{"line":144,"column":16},"end":{"line":144,"column":52}},"type":"binary-expr","locations":[{"start":{"line":144,"column":16},"end":{"line":144,"column":30}},{"start":{"line":144,"column":34},"end":{"line":144,"column":52}}],"line":144},"32":{"loc":{"start":{"line":145,"column":16},"end":{"line":145,"column":52}},"type":"binary-expr","locations":[{"start":{"line":145,"column":16},"end":{"line":145,"column":30}},{"start":{"line":145,"column":34},"end":{"line":145,"column":52}}],"line":145},"33":{"loc":{"start":{"line":146,"column":15},"end":{"line":146,"column":49}},"type":"binary-expr","locations":[{"start":{"line":146,"column":15},"end":{"line":146,"column":28}},{"start":{"line":146,"column":32},"end":{"line":146,"column":49}}],"line":146},"34":{"loc":{"start":{"line":158,"column":4},"end":{"line":158,"column":79}},"type":"if","locations":[{"start":{"line":158,"column":4},"end":{"line":158,"column":79}},{"start":{},"end":{}}],"line":158},"35":{"loc":{"start":{"line":172,"column":4},"end":{"line":174,"column":5}},"type":"if","locations":[{"start":{"line":172,"column":4},"end":{"line":174,"column":5}},{"start":{},"end":{}}],"line":172},"36":{"loc":{"start":{"line":172,"column":8},"end":{"line":172,"column":55}},"type":"binary-expr","locations":[{"start":{"line":172,"column":8},"end":{"line":172,"column":18}},{"start":{"line":172,"column":22},"end":{"line":172,"column":27}},{"start":{"line":172,"column":31},"end":{"line":172,"column":42}},{"start":{"line":172,"column":46},"end":{"line":172,"column":55}}],"line":172},"37":{"loc":{"start":{"line":176,"column":79},"end":{"line":176,"column":101}},"type":"binary-expr","locations":[{"start":{"line":176,"column":79},"end":{"line":176,"column":93}},{"start":{"line":176,"column":97},"end":{"line":176,"column":101}}],"line":176}},"s":{"0":6,"1":6,"2":6,"3":6,"4":6,"5":1,"6":1,"7":1,"8":1,"9":1,"10":1,"11":0,"12":1,"13":0,"14":1,"15":0,"16":1,"17":0,"18":1,"19":0,"20":0,"21":0,"22":1,"23":1,"24":0,"25":6,"26":1,"27":1,"28":1,"29":1,"30":0,"31":1,"32":1,"33":0,"34":1,"35":1,"36":1,"37":1,"38":1,"39":0,"40":6,"41":2,"42":2,"43":2,"44":1,"45":1,"46":0,"47":6,"48":0,"49":0,"50":0,"51":0,"52":0,"53":0,"54":0,"55":0,"56":0,"57":0,"58":0,"59":0,"60":0,"61":0,"62":0,"63":0,"64":0,"65":0,"66":0,"67":0,"68":0,"69":0,"70":0,"71":0,"72":0,"73":6,"74":0,"75":0,"76":0,"77":0,"78":0,"79":0,"80":0,"81":6,"82":0,"83":0,"84":0,"85":0,"86":0,"87":0,"88":0,"89":6},"f":{"0":1,"1":1,"2":2,"3":0,"4":0,"5":0,"6":0},"b":{"0":[1,1],"1":[1,1],"2":[0,1],"3":[0,1],"4":[0,1],"5":[0,1],"6":[0,1],"7":[0,0],"8":[0,1],"9":[0,1],"10":[1,1],"11":[0,0],"12":[0,0],"13":[0,0],"14":[0,0],"15":[0,0],"16":[0,0],"17":[0,0,0],"18":[0,0],"19":[0,0],"20":[0,0],"21":[0,0],"22":[0,0],"23":[0,0,0,0],"24":[0,0],"25":[0,0],"26":[0,0],"27":[0,0],"28":[0,0],"29":[0,0],"30":[0,0],"31":[0,0],"32":[0,0],"33":[0,0],"34":[0,0],"35":[0,0],"36":[0,0,0,0],"37":[0,0]},"_coverageSchema":"1a1c01bbd47fc00a2c39e90264f33305004495a9","hash":"59f8f7bebd26138e38b725fb8dc4b1570c1e94e6"}
,"C:\\Users\\CHATZ\\Desktop\\MEDICARE\\medicare-backend\\src\\controllers\\authController.js": {"path":"C:\\Users\\CHATZ\\Desktop\\MEDICARE\\medicare-backend\\src\\controllers\\authController.js","statementMap":{"0":{"start":{"line":1,"column":15},"end":{"line":1,"column":34}},"1":{"start":{"line":2,"column":12},"end":{"line":2,"column":35}},"2":{"start":{"line":3,"column":17},"end":{"line":3,"column":37}},"3":{"start":{"line":4,"column":20},"end":{"line":4,"column":51}},"4":{"start":{"line":6,"column":22},"end":{"line":12,"column":1}},"5":{"start":{"line":7,"column":2},"end":{"line":11,"column":4}},"6":{"start":{"line":14,"column":17},"end":{"line":40,"column":1}},"7":{"start":{"line":15,"column":2},"end":{"line":39,"column":3}},"8":{"start":{"line":16,"column":49},"end":{"line":16,"column":57}},"9":{"start":{"line":18,"column":21},"end":{"line":18,"column":61}},"10":{"start":{"line":19,"column":4},"end":{"line":21,"column":5}},"11":{"start":{"line":20,"column":6},"end":{"line":20,"column":78}},"12":{"start":{"line":23,"column":26},"end":{"line":23,"column":57}},"13":{"start":{"line":25,"column":17},"end":{"line":25,"column":77}},"14":{"start":{"line":27,"column":4},"end":{"line":36,"column":45}},"15":{"start":{"line":38,"column":4},"end":{"line":38,"column":14}},"16":{"start":{"line":42,"column":14},"end":{"line":82,"column":1}},"17":{"start":{"line":43,"column":2},"end":{"line":81,"column":3}},"18":{"start":{"line":44,"column":32},"end":{"line":44,"column":40}},"19":{"start":{"line":46,"column":17},"end":{"line":46,"column":57}},"20":{"start":{"line":47,"column":4},"end":{"line":49,"column":5}},"21":{"start":{"line":48,"column":6},"end":{"line":48,"column":79}},"22":{"start":{"line":51,"column":20},"end":{"line":51,"column":70}},"23":{"start":{"line":52,"column":4},"end":{"line":54,"column":5}},"24":{"start":{"line":53,"column":6},"end":{"line":53,"column":79}},"25":{"start":{"line":56,"column":4},"end":{"line":58,"column":5}},"26":{"start":{"line":57,"column":6},"end":{"line":57,"column":76}},"27":{"start":{"line":60,"column":18},"end":{"line":60,"column":37}},"28":{"start":{"line":62,"column":4},"end":{"line":67,"column":7}},"29":{"start":{"line":69,"column":4},"end":{"line":78,"column":28}},"30":{"start":{"line":80,"column":4},"end":{"line":80,"column":14}},"31":{"start":{"line":84,"column":15},"end":{"line":91,"column":1}},"32":{"start":{"line":85,"column":2},"end":{"line":90,"column":3}},"33":{"start":{"line":86,"column":4},"end":{"line":86,"column":29}},"34":{"start":{"line":87,"column":4},"end":{"line":87,"column":78}},"35":{"start":{"line":89,"column":4},"end":{"line":89,"column":14}},"36":{"start":{"line":93,"column":14},"end":{"line":107,"column":1}},"37":{"start":{"line":94,"column":2},"end":{"line":106,"column":3}},"38":{"start":{"line":95,"column":17},"end":{"line":97,"column":6}},"39":{"start":{"line":99,"column":4},"end":{"line":101,"column":5}},"40":{"start":{"line":100,"column":6},"end":{"line":100,"column":68}},"41":{"start":{"line":103,"column":4},"end":{"line":103,"column":81}},"42":{"start":{"line":105,"column":4},"end":{"line":105,"column":14}},"43":{"start":{"line":109,"column":0},"end":{"line":109,"column":52}}},"fnMap":{"0":{"name":"(anonymous_0)","decl":{"start":{"line":6,"column":22},"end":{"line":6,"column":23}},"loc":{"start":{"line":6,"column":32},"end":{"line":12,"column":1}},"line":6},"1":{"name":"(anonymous_1)","decl":{"start":{"line":14,"column":17},"end":{"line":14,"column":18}},"loc":{"start":{"line":14,"column":43},"end":{"line":40,"column":1}},"line":14},"2":{"name":"(anonymous_2)","decl":{"start":{"line":42,"column":14},"end":{"line":42,"column":15}},"loc":{"start":{"line":42,"column":40},"end":{"line":82,"column":1}},"line":42},"3":{"name":"(anonymous_3)","decl":{"start":{"line":84,"column":15},"end":{"line":84,"column":16}},"loc":{"start":{"line":84,"column":41},"end":{"line":91,"column":1}},"line":84},"4":{"name":"(anonymous_4)","decl":{"start":{"line":93,"column":14},"end":{"line":93,"column":15}},"loc":{"start":{"line":93,"column":40},"end":{"line":107,"column":1}},"line":93}},"branchMap":{"0":{"loc":{"start":{"line":10,"column":17},"end":{"line":10,"column":51}},"type":"binary-expr","locations":[{"start":{"line":10,"column":17},"end":{"line":10,"column":43}},{"start":{"line":10,"column":47},"end":{"line":10,"column":51}}],"line":10},"1":{"loc":{"start":{"line":19,"column":4},"end":{"line":21,"column":5}},"type":"if","locations":[{"start":{"line":19,"column":4},"end":{"line":21,"column":5}},{"start":{},"end":{}}],"line":19},"2":{"loc":{"start":{"line":47,"column":4},"end":{"line":49,"column":5}},"type":"if","locations":[{"start":{"line":47,"column":4},"end":{"line":49,"column":5}},{"start":{},"end":{}}],"line":47},"3":{"loc":{"start":{"line":52,"column":4},"end":{"line":54,"column":5}},"type":"if","locations":[{"start":{"line":52,"column":4},"end":{"line":54,"column":5}},{"start":{},"end":{}}],"line":52},"4":{"loc":{"start":{"line":56,"column":4},"end":{"line":58,"column":5}},"type":"if","locations":[{"start":{"line":56,"column":4},"end":{"line":58,"column":5}},{"start":{},"end":{}}],"line":56},"5":{"loc":{"start":{"line":65,"column":16},"end":{"line":65,"column":72}},"type":"cond-expr","locations":[{"start":{"line":65,"column":56},"end":{"line":65,"column":64}},{"start":{"line":65,"column":67},"end":{"line":65,"column":72}}],"line":65},"6":{"loc":{"start":{"line":99,"column":4},"end":{"line":101,"column":5}},"type":"if","locations":[{"start":{"line":99,"column":4},"end":{"line":101,"column":5}},{"start":{},"end":{}}],"line":99}},"s":{"0":6,"1":6,"2":6,"3":6,"4":6,"5":14,"6":6,"7":15,"8":15,"9":15,"10":15,"11":1,"12":14,"13":14,"14":14,"15":0,"16":6,"17":16,"18":16,"19":16,"20":16,"21":1,"22":15,"23":15,"24":1,"25":14,"26":0,"27":14,"28":14,"29":14,"30":0,"31":6,"32":1,"33":1,"34":1,"35":0,"36":6,"37":1,"38":1,"39":1,"40":0,"41":1,"42":0,"43":6},"f":{"0":14,"1":15,"2":16,"3":1,"4":1},"b":{"0":[14,0],"1":[1,14],"2":[1,15],"3":[1,14],"4":[0,14],"5":[0,14],"6":[0,1]},"_coverageSchema":"1a1c01bbd47fc00a2c39e90264f33305004495a9","hash":"0d04813d507df51e794c435152151b6e82f525b8"}
,"C:\\Users\\CHATZ\\Desktop\\MEDICARE\\medicare-backend\\src\\controllers\\dashboardController.js": {"path":"C:\\Users\\CHATZ\\Desktop\\MEDICARE\\medicare-backend\\src\\controllers\\dashboardController.js","statementMap":{"0":{"start":{"line":1,"column":61},"end":{"line":1,"column":81}},"1":{"start":{"line":2,"column":15},"end":{"line":2,"column":35}},"2":{"start":{"line":3,"column":43},"end":{"line":3,"column":74}},"3":{"start":{"line":5,"column":22},"end":{"line":11,"column":1}},"4":{"start":{"line":6,"column":12},"end":{"line":6,"column":22}},"5":{"start":{"line":7,"column":15},"end":{"line":7,"column":30}},"6":{"start":{"line":8,"column":16},"end":{"line":8,"column":57}},"7":{"start":{"line":9,"column":14},"end":{"line":9,"column":50}},"8":{"start":{"line":10,"column":2},"end":{"line":10,"column":35}},"9":{"start":{"line":13,"column":17},"end":{"line":52,"column":1}},"10":{"start":{"line":14,"column":2},"end":{"line":51,"column":3}},"11":{"start":{"line":15,"column":26},"end":{"line":15,"column":47}},"12":{"start":{"line":16,"column":25},"end":{"line":16,"column":45}},"13":{"start":{"line":17,"column":30},"end":{"line":17,"column":55}},"14":{"start":{"line":19,"column":18},"end":{"line":19,"column":33}},"15":{"start":{"line":21,"column":30},"end":{"line":23,"column":6}},"16":{"start":{"line":25,"column":32},"end":{"line":27,"column":6}},"17":{"start":{"line":29,"column":34},"end":{"line":31,"column":6}},"18":{"start":{"line":33,"column":31},"end":{"line":33,"column":57}},"19":{"start":{"line":35,"column":32},"end":{"line":37,"column":6}},"20":{"start":{"line":39,"column":4},"end":{"line":48,"column":37}},"21":{"start":{"line":50,"column":4},"end":{"line":50,"column":14}},"22":{"start":{"line":54,"column":29},"end":{"line":73,"column":1}},"23":{"start":{"line":55,"column":2},"end":{"line":72,"column":3}},"24":{"start":{"line":56,"column":18},"end":{"line":56,"column":33}},"25":{"start":{"line":58,"column":25},"end":{"line":67,"column":6}},"26":{"start":{"line":69,"column":4},"end":{"line":69,"column":86}},"27":{"start":{"line":71,"column":4},"end":{"line":71,"column":14}},"28":{"start":{"line":75,"column":26},"end":{"line":86,"column":1}},"29":{"start":{"line":76,"column":2},"end":{"line":85,"column":3}},"30":{"start":{"line":77,"column":21},"end":{"line":80,"column":6}},"31":{"start":{"line":82,"column":4},"end":{"line":82,"column":76}},"32":{"start":{"line":84,"column":4},"end":{"line":84,"column":14}},"33":{"start":{"line":88,"column":0},"end":{"line":88,"column":71}}},"fnMap":{"0":{"name":"(anonymous_0)","decl":{"start":{"line":5,"column":22},"end":{"line":5,"column":23}},"loc":{"start":{"line":5,"column":28},"end":{"line":11,"column":1}},"line":5},"1":{"name":"(anonymous_1)","decl":{"start":{"line":13,"column":17},"end":{"line":13,"column":18}},"loc":{"start":{"line":13,"column":43},"end":{"line":52,"column":1}},"line":13},"2":{"name":"(anonymous_2)","decl":{"start":{"line":54,"column":29},"end":{"line":54,"column":30}},"loc":{"start":{"line":54,"column":55},"end":{"line":73,"column":1}},"line":54},"3":{"name":"(anonymous_3)","decl":{"start":{"line":75,"column":26},"end":{"line":75,"column":27}},"loc":{"start":{"line":75,"column":52},"end":{"line":86,"column":1}},"line":75}},"branchMap":{},"s":{"0":6,"1":6,"2":6,"3":6,"4":3,"5":3,"6":3,"7":3,"8":3,"9":6,"10":2,"11":2,"12":2,"13":2,"14":2,"15":2,"16":2,"17":2,"18":2,"19":2,"20":2,"21":0,"22":6,"23":1,"24":1,"25":1,"26":1,"27":0,"28":6,"29":1,"30":1,"31":1,"32":0,"33":6},"f":{"0":3,"1":2,"2":1,"3":1},"b":{},"_coverageSchema":"1a1c01bbd47fc00a2c39e90264f33305004495a9","hash":"74f91b0d04d194fbaa2e0f86abfa4c4e008e1daf"}
,"C:\\Users\\CHATZ\\Desktop\\MEDICARE\\medicare-backend\\src\\controllers\\doctorController.js": {"path":"C:\\Users\\CHATZ\\Desktop\\MEDICARE\\medicare-backend\\src\\controllers\\doctorController.js","statementMap":{"0":{"start":{"line":1,"column":38},"end":{"line":1,"column":58}},"1":{"start":{"line":2,"column":15},"end":{"line":2,"column":35}},"2":{"start":{"line":3,"column":43},"end":{"line":3,"column":74}},"3":{"start":{"line":4,"column":27},"end":{"line":4,"column":65}},"4":{"start":{"line":6,"column":22},"end":{"line":41,"column":1}},"5":{"start":{"line":7,"column":2},"end":{"line":40,"column":3}},"6":{"start":{"line":8,"column":17},"end":{"line":8,"column":50}},"7":{"start":{"line":9,"column":18},"end":{"line":9,"column":53}},"8":{"start":{"line":10,"column":19},"end":{"line":10,"column":37}},"9":{"start":{"line":12,"column":18},"end":{"line":12,"column":20}},"10":{"start":{"line":13,"column":4},"end":{"line":19,"column":5}},"11":{"start":{"line":14,"column":21},"end":{"line":14,"column":37}},"12":{"start":{"line":15,"column":6},"end":{"line":18,"column":8}},"13":{"start":{"line":21,"column":28},"end":{"line":29,"column":6}},"14":{"start":{"line":31,"column":4},"end":{"line":37,"column":29}},"15":{"start":{"line":39,"column":4},"end":{"line":39,"column":14}},"16":{"start":{"line":43,"column":21},"end":{"line":60,"column":1}},"17":{"start":{"line":44,"column":2},"end":{"line":59,"column":3}},"18":{"start":{"line":45,"column":106},"end":{"line":45,"column":114}},"19":{"start":{"line":47,"column":17},"end":{"line":47,"column":45}},"20":{"start":{"line":48,"column":4},"end":{"line":48,"column":65}},"21":{"start":{"line":48,"column":15},"end":{"line":48,"column":65}},"22":{"start":{"line":49,"column":4},"end":{"line":49,"column":94}},"23":{"start":{"line":49,"column":32},"end":{"line":49,"column":94}},"24":{"start":{"line":51,"column":28},"end":{"line":51,"column":79}},"25":{"start":{"line":52,"column":4},"end":{"line":52,"column":90}},"26":{"start":{"line":52,"column":25},"end":{"line":52,"column":90}},"27":{"start":{"line":54,"column":19},"end":{"line":54,"column":133}},"28":{"start":{"line":56,"column":4},"end":{"line":56,"column":68}},"29":{"start":{"line":58,"column":4},"end":{"line":58,"column":14}},"30":{"start":{"line":62,"column":22},"end":{"line":76,"column":1}},"31":{"start":{"line":63,"column":2},"end":{"line":75,"column":3}},"32":{"start":{"line":64,"column":19},"end":{"line":68,"column":6}},"33":{"start":{"line":70,"column":4},"end":{"line":70,"column":69}},"34":{"start":{"line":70,"column":17},"end":{"line":70,"column":69}},"35":{"start":{"line":72,"column":4},"end":{"line":72,"column":65}},"36":{"start":{"line":74,"column":4},"end":{"line":74,"column":14}},"37":{"start":{"line":78,"column":21},"end":{"line":112,"column":1}},"38":{"start":{"line":79,"column":2},"end":{"line":111,"column":3}},"39":{"start":{"line":80,"column":19},"end":{"line":80,"column":55}},"40":{"start":{"line":81,"column":4},"end":{"line":81,"column":69}},"41":{"start":{"line":81,"column":17},"end":{"line":81,"column":69}},"42":{"start":{"line":83,"column":4},"end":{"line":85,"column":5}},"43":{"start":{"line":84,"column":6},"end":{"line":84,"column":89}},"44":{"start":{"line":87,"column":26},"end":{"line":87,"column":104}},"45":{"start":{"line":88,"column":20},"end":{"line":88,"column":22}},"46":{"start":{"line":89,"column":4},"end":{"line":91,"column":7}},"47":{"start":{"line":90,"column":6},"end":{"line":90,"column":74}},"48":{"start":{"line":90,"column":41},"end":{"line":90,"column":74}},"49":{"start":{"line":93,"column":4},"end":{"line":93,"column":33}},"50":{"start":{"line":95,"column":4},"end":{"line":100,"column":5}},"51":{"start":{"line":96,"column":19},"end":{"line":96,"column":54}},"52":{"start":{"line":97,"column":6},"end":{"line":99,"column":7}},"53":{"start":{"line":98,"column":8},"end":{"line":98,"column":61}},"54":{"start":{"line":102,"column":26},"end":{"line":106,"column":6}},"55":{"start":{"line":108,"column":4},"end":{"line":108,"column":78}},"56":{"start":{"line":110,"column":4},"end":{"line":110,"column":14}},"57":{"start":{"line":114,"column":30},"end":{"line":150,"column":1}},"58":{"start":{"line":115,"column":2},"end":{"line":149,"column":3}},"59":{"start":{"line":116,"column":21},"end":{"line":116,"column":30}},"60":{"start":{"line":117,"column":4},"end":{"line":117,"column":83}},"61":{"start":{"line":117,"column":15},"end":{"line":117,"column":83}},"62":{"start":{"line":119,"column":19},"end":{"line":119,"column":55}},"63":{"start":{"line":120,"column":4},"end":{"line":120,"column":69}},"64":{"start":{"line":120,"column":17},"end":{"line":120,"column":69}},"65":{"start":{"line":122,"column":20},"end":{"line":122,"column":97}},"66":{"start":{"line":123,"column":17},"end":{"line":123,"column":113}},"67":{"start":{"line":123,"column":85},"end":{"line":123,"column":107}},"68":{"start":{"line":124,"column":4},"end":{"line":130,"column":5}},"69":{"start":{"line":125,"column":6},"end":{"line":129,"column":34}},"70":{"start":{"line":132,"column":25},"end":{"line":140,"column":6}},"71":{"start":{"line":142,"column":4},"end":{"line":146,"column":32}},"72":{"start":{"line":148,"column":4},"end":{"line":148,"column":14}},"73":{"start":{"line":152,"column":0},"end":{"line":152,"column":101}}},"fnMap":{"0":{"name":"(anonymous_0)","decl":{"start":{"line":6,"column":22},"end":{"line":6,"column":23}},"loc":{"start":{"line":6,"column":48},"end":{"line":41,"column":1}},"line":6},"1":{"name":"(anonymous_1)","decl":{"start":{"line":43,"column":21},"end":{"line":43,"column":22}},"loc":{"start":{"line":43,"column":47},"end":{"line":60,"column":1}},"line":43},"2":{"name":"(anonymous_2)","decl":{"start":{"line":62,"column":22},"end":{"line":62,"column":23}},"loc":{"start":{"line":62,"column":48},"end":{"line":76,"column":1}},"line":62},"3":{"name":"(anonymous_3)","decl":{"start":{"line":78,"column":21},"end":{"line":78,"column":22}},"loc":{"start":{"line":78,"column":47},"end":{"line":112,"column":1}},"line":78},"4":{"name":"(anonymous_4)","decl":{"start":{"line":89,"column":26},"end":{"line":89,"column":27}},"loc":{"start":{"line":89,"column":37},"end":{"line":91,"column":5}},"line":89},"5":{"name":"(anonymous_5)","decl":{"start":{"line":114,"column":30},"end":{"line":114,"column":31}},"loc":{"start":{"line":114,"column":56},"end":{"line":150,"column":1}},"line":114},"6":{"name":"(anonymous_6)","decl":{"start":{"line":123,"column":78},"end":{"line":123,"column":79}},"loc":{"start":{"line":123,"column":85},"end":{"line":123,"column":107}},"line":123}},"branchMap":{"0":{"loc":{"start":{"line":8,"column":17},"end":{"line":8,"column":50}},"type":"binary-expr","locations":[{"start":{"line":8,"column":17},"end":{"line":8,"column":45}},{"start":{"line":8,"column":49},"end":{"line":8,"column":50}}],"line":8},"1":{"loc":{"start":{"line":9,"column":18},"end":{"line":9,"column":53}},"type":"binary-expr","locations":[{"start":{"line":9,"column":18},"end":{"line":9,"column":47}},{"start":{"line":9,"column":51},"end":{"line":9,"column":53}}],"line":9},"2":{"loc":{"start":{"line":13,"column":4},"end":{"line":19,"column":5}},"type":"if","locations":[{"start":{"line":13,"column":4},"end":{"line":19,"column":5}},{"start":{},"end":{}}],"line":13},"3":{"loc":{"start":{"line":48,"column":4},"end":{"line":48,"column":65}},"type":"if","locations":[{"start":{"line":48,"column":4},"end":{"line":48,"column":65}},{"start":{},"end":{}}],"line":48},"4":{"loc":{"start":{"line":49,"column":4},"end":{"line":49,"column":94}},"type":"if","locations":[{"start":{"line":49,"column":4},"end":{"line":49,"column":94}},{"start":{},"end":{}}],"line":49},"5":{"loc":{"start":{"line":52,"column":4},"end":{"line":52,"column":90}},"type":"if","locations":[{"start":{"line":52,"column":4},"end":{"line":52,"column":90}},{"start":{},"end":{}}],"line":52},"6":{"loc":{"start":{"line":70,"column":4},"end":{"line":70,"column":69}},"type":"if","locations":[{"start":{"line":70,"column":4},"end":{"line":70,"column":69}},{"start":{},"end":{}}],"line":70},"7":{"loc":{"start":{"line":81,"column":4},"end":{"line":81,"column":69}},"type":"if","locations":[{"start":{"line":81,"column":4},"end":{"line":81,"column":69}},{"start":{},"end":{}}],"line":81},"8":{"loc":{"start":{"line":83,"column":4},"end":{"line":85,"column":5}},"type":"if","locations":[{"start":{"line":83,"column":4},"end":{"line":85,"column":5}},{"start":{},"end":{}}],"line":83},"9":{"loc":{"start":{"line":83,"column":8},"end":{"line":83,"column":72}},"type":"binary-expr","locations":[{"start":{"line":83,"column":8},"end":{"line":83,"column":34}},{"start":{"line":83,"column":38},"end":{"line":83,"column":72}}],"line":83},"10":{"loc":{"start":{"line":90,"column":6},"end":{"line":90,"column":74}},"type":"if","locations":[{"start":{"line":90,"column":6},"end":{"line":90,"column":74}},{"start":{},"end":{}}],"line":90},"11":{"loc":{"start":{"line":95,"column":4},"end":{"line":100,"column":5}},"type":"if","locations":[{"start":{"line":95,"column":4},"end":{"line":100,"column":5}},{"start":{},"end":{}}],"line":95},"12":{"loc":{"start":{"line":97,"column":6},"end":{"line":99,"column":7}},"type":"if","locations":[{"start":{"line":97,"column":6},"end":{"line":99,"column":7}},{"start":{},"end":{}}],"line":97},"13":{"loc":{"start":{"line":117,"column":4},"end":{"line":117,"column":83}},"type":"if","locations":[{"start":{"line":117,"column":4},"end":{"line":117,"column":83}},{"start":{},"end":{}}],"line":117},"14":{"loc":{"start":{"line":120,"column":4},"end":{"line":120,"column":69}},"type":"if","locations":[{"start":{"line":120,"column":4},"end":{"line":120,"column":69}},{"start":{},"end":{}}],"line":120},"15":{"loc":{"start":{"line":123,"column":17},"end":{"line":123,"column":113}},"type":"cond-expr","locations":[{"start":{"line":123,"column":41},"end":{"line":123,"column":108}},{"start":{"line":123,"column":111},"end":{"line":123,"column":113}}],"line":123},"16":{"loc":{"start":{"line":124,"column":4},"end":{"line":130,"column":5}},"type":"if","locations":[{"start":{"line":124,"column":4},"end":{"line":130,"column":5}},{"start":{},"end":{}}],"line":124},"17":{"loc":{"start":{"line":124,"column":8},"end":{"line":124,"column":50}},"type":"binary-expr","locations":[{"start":{"line":124,"column":8},"end":{"line":124,"column":23}},{"start":{"line":124,"column":27},"end":{"line":124,"column":50}}],"line":124}},"s":{"0":6,"1":6,"2":6,"3":6,"4":6,"5":1,"6":1,"7":1,"8":1,"9":1,"10":1,"11":0,"12":0,"13":1,"14":1,"15":0,"16":6,"17":0,"18":0,"19":0,"20":0,"21":0,"22":0,"23":0,"24":0,"25":0,"26":0,"27":0,"28":0,"29":0,"30":6,"31":1,"32":1,"33":1,"34":1,"35":0,"36":0,"37":6,"38":0,"39":0,"40":0,"41":0,"42":0,"43":0,"44":0,"45":0,"46":0,"47":0,"48":0,"49":0,"50":0,"51":0,"52":0,"53":0,"54":0,"55":0,"56":0,"57":6,"58":0,"59":0,"60":0,"61":0,"62":0,"63":0,"64":0,"65":0,"66":0,"67":0,"68":0,"69":0,"70":0,"71":0,"72":0,"73":6},"f":{"0":1,"1":0,"2":1,"3":0,"4":0,"5":0,"6":0},"b":{"0":[1,1],"1":[1,1],"2":[0,1],"3":[0,0],"4":[0,0],"5":[0,0],"6":[1,0],"7":[0,0],"8":[0,0],"9":[0,0],"10":[0,0],"11":[0,0],"12":[0,0],"13":[0,0],"14":[0,0],"15":[0,0],"16":[0,0],"17":[0,0]},"_coverageSchema":"1a1c01bbd47fc00a2c39e90264f33305004495a9","hash":"cb0071e3dd56a5a6a519ef0d6d94895e5f594a0e"}
,"C:\\Users\\CHATZ\\Desktop\\MEDICARE\\medicare-backend\\src\\controllers\\patientController.js": {"path":"C:\\Users\\CHATZ\\Desktop\\MEDICARE\\medicare-backend\\src\\controllers\\patientController.js","statementMap":{"0":{"start":{"line":1,"column":36},"end":{"line":1,"column":56}},"1":{"start":{"line":2,"column":15},"end":{"line":2,"column":35}},"2":{"start":{"line":3,"column":43},"end":{"line":3,"column":74}},"3":{"start":{"line":4,"column":48},"end":{"line":4,"column":78}},"4":{"start":{"line":6,"column":23},"end":{"line":39,"column":1}},"5":{"start":{"line":7,"column":2},"end":{"line":38,"column":3}},"6":{"start":{"line":8,"column":17},"end":{"line":8,"column":50}},"7":{"start":{"line":9,"column":18},"end":{"line":9,"column":53}},"8":{"start":{"line":10,"column":19},"end":{"line":10,"column":37}},"9":{"start":{"line":12,"column":18},"end":{"line":12,"column":20}},"10":{"start":{"line":13,"column":4},"end":{"line":20,"column":5}},"11":{"start":{"line":14,"column":21},"end":{"line":14,"column":37}},"12":{"start":{"line":15,"column":6},"end":{"line":19,"column":8}},"13":{"start":{"line":22,"column":28},"end":{"line":27,"column":6}},"14":{"start":{"line":29,"column":4},"end":{"line":35,"column":30}},"15":{"start":{"line":37,"column":4},"end":{"line":37,"column":14}},"16":{"start":{"line":41,"column":22},"end":{"line":68,"column":1}},"17":{"start":{"line":42,"column":2},"end":{"line":67,"column":3}},"18":{"start":{"line":43,"column":134},"end":{"line":43,"column":142}},"19":{"start":{"line":45,"column":20},"end":{"line":57,"column":6}},"20":{"start":{"line":59,"column":4},"end":{"line":62,"column":7}},"21":{"start":{"line":64,"column":4},"end":{"line":64,"column":70}},"22":{"start":{"line":66,"column":4},"end":{"line":66,"column":14}},"23":{"start":{"line":70,"column":23},"end":{"line":84,"column":1}},"24":{"start":{"line":71,"column":2},"end":{"line":83,"column":3}},"25":{"start":{"line":72,"column":20},"end":{"line":76,"column":6}},"26":{"start":{"line":78,"column":4},"end":{"line":78,"column":71}},"27":{"start":{"line":78,"column":18},"end":{"line":78,"column":71}},"28":{"start":{"line":80,"column":4},"end":{"line":80,"column":67}},"29":{"start":{"line":82,"column":4},"end":{"line":82,"column":14}},"30":{"start":{"line":86,"column":22},"end":{"line":103,"column":1}},"31":{"start":{"line":87,"column":2},"end":{"line":102,"column":3}},"32":{"start":{"line":88,"column":20},"end":{"line":88,"column":57}},"33":{"start":{"line":89,"column":4},"end":{"line":89,"column":71}},"34":{"start":{"line":89,"column":18},"end":{"line":89,"column":71}},"35":{"start":{"line":91,"column":26},"end":{"line":91,"column":163}},"36":{"start":{"line":92,"column":20},"end":{"line":92,"column":22}},"37":{"start":{"line":93,"column":4},"end":{"line":95,"column":7}},"38":{"start":{"line":94,"column":6},"end":{"line":94,"column":74}},"39":{"start":{"line":94,"column":41},"end":{"line":94,"column":74}},"40":{"start":{"line":97,"column":4},"end":{"line":97,"column":34}},"41":{"start":{"line":99,"column":4},"end":{"line":99,"column":65}},"42":{"start":{"line":101,"column":4},"end":{"line":101,"column":14}},"43":{"start":{"line":105,"column":22},"end":{"line":116,"column":1}},"44":{"start":{"line":106,"column":2},"end":{"line":115,"column":3}},"45":{"start":{"line":107,"column":20},"end":{"line":107,"column":57}},"46":{"start":{"line":108,"column":4},"end":{"line":108,"column":71}},"47":{"start":{"line":108,"column":18},"end":{"line":108,"column":71}},"48":{"start":{"line":110,"column":4},"end":{"line":110,"column":28}},"49":{"start":{"line":112,"column":4},"end":{"line":112,"column":58}},"50":{"start":{"line":114,"column":4},"end":{"line":114,"column":14}},"51":{"start":{"line":118,"column":26},"end":{"line":131,"column":1}},"52":{"start":{"line":119,"column":2},"end":{"line":130,"column":3}},"53":{"start":{"line":120,"column":20},"end":{"line":120,"column":57}},"54":{"start":{"line":121,"column":4},"end":{"line":121,"column":71}},"55":{"start":{"line":121,"column":18},"end":{"line":121,"column":71}},"56":{"start":{"line":123,"column":20},"end":{"line":125,"column":6}},"57":{"start":{"line":127,"column":4},"end":{"line":127,"column":91}},"58":{"start":{"line":129,"column":4},"end":{"line":129,"column":14}},"59":{"start":{"line":133,"column":29},"end":{"line":159,"column":1}},"60":{"start":{"line":134,"column":2},"end":{"line":158,"column":3}},"61":{"start":{"line":135,"column":20},"end":{"line":135,"column":57}},"62":{"start":{"line":136,"column":4},"end":{"line":136,"column":71}},"63":{"start":{"line":136,"column":18},"end":{"line":136,"column":71}},"64":{"start":{"line":138,"column":26},"end":{"line":138,"column":129}},"65":{"start":{"line":139,"column":20},"end":{"line":139,"column":22}},"66":{"start":{"line":140,"column":4},"end":{"line":142,"column":7}},"67":{"start":{"line":141,"column":6},"end":{"line":141,"column":74}},"68":{"start":{"line":141,"column":41},"end":{"line":141,"column":74}},"69":{"start":{"line":144,"column":18},"end":{"line":144,"column":88}},"70":{"start":{"line":145,"column":4},"end":{"line":153,"column":5}},"71":{"start":{"line":146,"column":6},"end":{"line":146,"column":36}},"72":{"start":{"line":148,"column":6},"end":{"line":152,"column":9}},"73":{"start":{"line":155,"column":4},"end":{"line":155,"column":89}},"74":{"start":{"line":157,"column":4},"end":{"line":157,"column":14}},"75":{"start":{"line":161,"column":0},"end":{"line":161,"column":138}}},"fnMap":{"0":{"name":"(anonymous_0)","decl":{"start":{"line":6,"column":23},"end":{"line":6,"column":24}},"loc":{"start":{"line":6,"column":49},"end":{"line":39,"column":1}},"line":6},"1":{"name":"(anonymous_1)","decl":{"start":{"line":41,"column":22},"end":{"line":41,"column":23}},"loc":{"start":{"line":41,"column":48},"end":{"line":68,"column":1}},"line":41},"2":{"name":"(anonymous_2)","decl":{"start":{"line":70,"column":23},"end":{"line":70,"column":24}},"loc":{"start":{"line":70,"column":49},"end":{"line":84,"column":1}},"line":70},"3":{"name":"(anonymous_3)","decl":{"start":{"line":86,"column":22},"end":{"line":86,"column":23}},"loc":{"start":{"line":86,"column":48},"end":{"line":103,"column":1}},"line":86},"4":{"name":"(anonymous_4)","decl":{"start":{"line":93,"column":26},"end":{"line":93,"column":27}},"loc":{"start":{"line":93,"column":37},"end":{"line":95,"column":5}},"line":93},"5":{"name":"(anonymous_5)","decl":{"start":{"line":105,"column":22},"end":{"line":105,"column":23}},"loc":{"start":{"line":105,"column":48},"end":{"line":116,"column":1}},"line":105},"6":{"name":"(anonymous_6)","decl":{"start":{"line":118,"column":26},"end":{"line":118,"column":27}},"loc":{"start":{"line":118,"column":52},"end":{"line":131,"column":1}},"line":118},"7":{"name":"(anonymous_7)","decl":{"start":{"line":133,"column":29},"end":{"line":133,"column":30}},"loc":{"start":{"line":133,"column":55},"end":{"line":159,"column":1}},"line":133},"8":{"name":"(anonymous_8)","decl":{"start":{"line":140,"column":26},"end":{"line":140,"column":27}},"loc":{"start":{"line":140,"column":37},"end":{"line":142,"column":5}},"line":140}},"branchMap":{"0":{"loc":{"start":{"line":8,"column":17},"end":{"line":8,"column":50}},"type":"binary-expr","locations":[{"start":{"line":8,"column":17},"end":{"line":8,"column":45}},{"start":{"line":8,"column":49},"end":{"line":8,"column":50}}],"line":8},"1":{"loc":{"start":{"line":9,"column":18},"end":{"line":9,"column":53}},"type":"binary-expr","locations":[{"start":{"line":9,"column":18},"end":{"line":9,"column":47}},{"start":{"line":9,"column":51},"end":{"line":9,"column":53}}],"line":9},"2":{"loc":{"start":{"line":13,"column":4},"end":{"line":20,"column":5}},"type":"if","locations":[{"start":{"line":13,"column":4},"end":{"line":20,"column":5}},{"start":{},"end":{}}],"line":13},"3":{"loc":{"start":{"line":78,"column":4},"end":{"line":78,"column":71}},"type":"if","locations":[{"start":{"line":78,"column":4},"end":{"line":78,"column":71}},{"start":{},"end":{}}],"line":78},"4":{"loc":{"start":{"line":89,"column":4},"end":{"line":89,"column":71}},"type":"if","locations":[{"start":{"line":89,"column":4},"end":{"line":89,"column":71}},{"start":{},"end":{}}],"line":89},"5":{"loc":{"start":{"line":94,"column":6},"end":{"line":94,"column":74}},"type":"if","locations":[{"start":{"line":94,"column":6},"end":{"line":94,"column":74}},{"start":{},"end":{}}],"line":94},"6":{"loc":{"start":{"line":108,"column":4},"end":{"line":108,"column":71}},"type":"if","locations":[{"start":{"line":108,"column":4},"end":{"line":108,"column":71}},{"start":{},"end":{}}],"line":108},"7":{"loc":{"start":{"line":121,"column":4},"end":{"line":121,"column":71}},"type":"if","locations":[{"start":{"line":121,"column":4},"end":{"line":121,"column":71}},{"start":{},"end":{}}],"line":121},"8":{"loc":{"start":{"line":136,"column":4},"end":{"line":136,"column":71}},"type":"if","locations":[{"start":{"line":136,"column":4},"end":{"line":136,"column":71}},{"start":{},"end":{}}],"line":136},"9":{"loc":{"start":{"line":141,"column":6},"end":{"line":141,"column":74}},"type":"if","locations":[{"start":{"line":141,"column":6},"end":{"line":141,"column":74}},{"start":{},"end":{}}],"line":141},"10":{"loc":{"start":{"line":145,"column":4},"end":{"line":153,"column":5}},"type":"if","locations":[{"start":{"line":145,"column":4},"end":{"line":153,"column":5}},{"start":{"line":147,"column":11},"end":{"line":153,"column":5}}],"line":145}},"s":{"0":6,"1":6,"2":6,"3":6,"4":6,"5":2,"6":2,"7":2,"8":2,"9":2,"10":2,"11":1,"12":1,"13":2,"14":2,"15":0,"16":6,"17":5,"18":5,"19":5,"20":4,"21":4,"22":1,"23":6,"24":2,"25":2,"26":2,"27":1,"28":1,"29":0,"30":6,"31":1,"32":1,"33":1,"34":0,"35":1,"36":1,"37":1,"38":9,"39":2,"40":1,"41":1,"42":0,"43":6,"44":1,"45":1,"46":1,"47":0,"48":1,"49":1,"50":0,"51":6,"52":0,"53":0,"54":0,"55":0,"56":0,"57":0,"58":0,"59":6,"60":0,"61":0,"62":0,"63":0,"64":0,"65":0,"66":0,"67":0,"68":0,"69":0,"70":0,"71":0,"72":0,"73":0,"74":0,"75":6},"f":{"0":2,"1":5,"2":2,"3":1,"4":9,"5":1,"6":0,"7":0,"8":0},"b":{"0":[2,2],"1":[2,2],"2":[1,1],"3":[1,1],"4":[0,1],"5":[2,7],"6":[0,1],"7":[0,0],"8":[0,0],"9":[0,0],"10":[0,0]},"_coverageSchema":"1a1c01bbd47fc00a2c39e90264f33305004495a9","hash":"ee50c18226ec6805b4ae8a512e08917a774d2351"}
,"C:\\Users\\CHATZ\\Desktop\\MEDICARE\\medicare-backend\\src\\controllers\\prescriptionController.js": {"path":"C:\\Users\\CHATZ\\Desktop\\MEDICARE\\medicare-backend\\src\\controllers\\prescriptionController.js","statementMap":{"0":{"start":{"line":1,"column":79},"end":{"line":1,"column":99}},"1":{"start":{"line":2,"column":15},"end":{"line":2,"column":35}},"2":{"start":{"line":3,"column":43},"end":{"line":3,"column":74}},"3":{"start":{"line":5,"column":28},"end":{"line":44,"column":1}},"4":{"start":{"line":6,"column":2},"end":{"line":43,"column":3}},"5":{"start":{"line":7,"column":17},"end":{"line":7,"column":50}},"6":{"start":{"line":8,"column":18},"end":{"line":8,"column":53}},"7":{"start":{"line":9,"column":19},"end":{"line":9,"column":37}},"8":{"start":{"line":11,"column":18},"end":{"line":11,"column":20}},"9":{"start":{"line":12,"column":4},"end":{"line":12,"column":70}},"10":{"start":{"line":12,"column":30},"end":{"line":12,"column":70}},"11":{"start":{"line":13,"column":4},"end":{"line":13,"column":58}},"12":{"start":{"line":13,"column":26},"end":{"line":13,"column":58}},"13":{"start":{"line":15,"column":4},"end":{"line":18,"column":5}},"14":{"start":{"line":16,"column":21},"end":{"line":16,"column":82}},"15":{"start":{"line":17,"column":6},"end":{"line":17,"column":46}},"16":{"start":{"line":17,"column":18},"end":{"line":17,"column":46}},"17":{"start":{"line":20,"column":28},"end":{"line":32,"column":6}},"18":{"start":{"line":34,"column":4},"end":{"line":40,"column":35}},"19":{"start":{"line":42,"column":4},"end":{"line":42,"column":14}},"20":{"start":{"line":46,"column":27},"end":{"line":96,"column":1}},"21":{"start":{"line":47,"column":2},"end":{"line":95,"column":3}},"22":{"start":{"line":48,"column":91},"end":{"line":48,"column":99}},"23":{"start":{"line":50,"column":4},"end":{"line":52,"column":5}},"24":{"start":{"line":51,"column":6},"end":{"line":51,"column":82}},"25":{"start":{"line":54,"column":21},"end":{"line":54,"column":101}},"26":{"start":{"line":55,"column":4},"end":{"line":55,"column":79}},"27":{"start":{"line":55,"column":19},"end":{"line":55,"column":79}},"28":{"start":{"line":57,"column":17},"end":{"line":57,"column":41}},"29":{"start":{"line":58,"column":18},"end":{"line":58,"column":48}},"30":{"start":{"line":59,"column":32},"end":{"line":59,"column":78}},"31":{"start":{"line":61,"column":25},"end":{"line":69,"column":6}},"32":{"start":{"line":71,"column":30},"end":{"line":79,"column":7}},"33":{"start":{"line":71,"column":51},"end":{"line":79,"column":5}},"34":{"start":{"line":80,"column":4},"end":{"line":80,"column":57}},"35":{"start":{"line":82,"column":19},"end":{"line":90,"column":6}},"36":{"start":{"line":92,"column":4},"end":{"line":92,"column":88}},"37":{"start":{"line":94,"column":4},"end":{"line":94,"column":14}},"38":{"start":{"line":98,"column":28},"end":{"line":117,"column":1}},"39":{"start":{"line":99,"column":2},"end":{"line":116,"column":3}},"40":{"start":{"line":100,"column":25},"end":{"line":109,"column":6}},"41":{"start":{"line":111,"column":4},"end":{"line":111,"column":81}},"42":{"start":{"line":111,"column":23},"end":{"line":111,"column":81}},"43":{"start":{"line":113,"column":4},"end":{"line":113,"column":77}},"44":{"start":{"line":115,"column":4},"end":{"line":115,"column":14}},"45":{"start":{"line":119,"column":29},"end":{"line":140,"column":1}},"46":{"start":{"line":120,"column":2},"end":{"line":139,"column":3}},"47":{"start":{"line":121,"column":25},"end":{"line":127,"column":6}},"48":{"start":{"line":128,"column":4},"end":{"line":128,"column":81}},"49":{"start":{"line":128,"column":23},"end":{"line":128,"column":81}},"50":{"start":{"line":130,"column":4},"end":{"line":132,"column":5}},"51":{"start":{"line":131,"column":6},"end":{"line":131,"column":84}},"52":{"start":{"line":134,"column":4},"end":{"line":134,"column":55}},"53":{"start":{"line":136,"column":4},"end":{"line":136,"column":77}},"54":{"start":{"line":138,"column":4},"end":{"line":138,"column":14}},"55":{"start":{"line":142,"column":27},"end":{"line":156,"column":1}},"56":{"start":{"line":143,"column":2},"end":{"line":155,"column":3}},"57":{"start":{"line":144,"column":25},"end":{"line":144,"column":67}},"58":{"start":{"line":145,"column":4},"end":{"line":145,"column":81}},"59":{"start":{"line":145,"column":23},"end":{"line":145,"column":81}},"60":{"start":{"line":147,"column":4},"end":{"line":149,"column":5}},"61":{"start":{"line":148,"column":6},"end":{"line":148,"column":109}},"62":{"start":{"line":151,"column":4},"end":{"line":151,"column":55}},"63":{"start":{"line":152,"column":4},"end":{"line":152,"column":90}},"64":{"start":{"line":154,"column":4},"end":{"line":154,"column":14}},"65":{"start":{"line":158,"column":0},"end":{"line":158,"column":124}}},"fnMap":{"0":{"name":"(anonymous_0)","decl":{"start":{"line":5,"column":28},"end":{"line":5,"column":29}},"loc":{"start":{"line":5,"column":54},"end":{"line":44,"column":1}},"line":5},"1":{"name":"(anonymous_1)","decl":{"start":{"line":46,"column":27},"end":{"line":46,"column":28}},"loc":{"start":{"line":46,"column":53},"end":{"line":96,"column":1}},"line":46},"2":{"name":"(anonymous_2)","decl":{"start":{"line":71,"column":40},"end":{"line":71,"column":41}},"loc":{"start":{"line":71,"column":51},"end":{"line":79,"column":5}},"line":71},"3":{"name":"(anonymous_3)","decl":{"start":{"line":98,"column":28},"end":{"line":98,"column":29}},"loc":{"start":{"line":98,"column":54},"end":{"line":117,"column":1}},"line":98},"4":{"name":"(anonymous_4)","decl":{"start":{"line":119,"column":29},"end":{"line":119,"column":30}},"loc":{"start":{"line":119,"column":55},"end":{"line":140,"column":1}},"line":119},"5":{"name":"(anonymous_5)","decl":{"start":{"line":142,"column":27},"end":{"line":142,"column":28}},"loc":{"start":{"line":142,"column":53},"end":{"line":156,"column":1}},"line":142}},"branchMap":{"0":{"loc":{"start":{"line":7,"column":17},"end":{"line":7,"column":50}},"type":"binary-expr","locations":[{"start":{"line":7,"column":17},"end":{"line":7,"column":45}},{"start":{"line":7,"column":49},"end":{"line":7,"column":50}}],"line":7},"1":{"loc":{"start":{"line":8,"column":18},"end":{"line":8,"column":53}},"type":"binary-expr","locations":[{"start":{"line":8,"column":18},"end":{"line":8,"column":47}},{"start":{"line":8,"column":51},"end":{"line":8,"column":53}}],"line":8},"2":{"loc":{"start":{"line":12,"column":4},"end":{"line":12,"column":70}},"type":"if","locations":[{"start":{"line":12,"column":4},"end":{"line":12,"column":70}},{"start":{},"end":{}}],"line":12},"3":{"loc":{"start":{"line":13,"column":4},"end":{"line":13,"column":58}},"type":"if","locations":[{"start":{"line":13,"column":4},"end":{"line":13,"column":58}},{"start":{},"end":{}}],"line":13},"4":{"loc":{"start":{"line":15,"column":4},"end":{"line":18,"column":5}},"type":"if","locations":[{"start":{"line":15,"column":4},"end":{"line":18,"column":5}},{"start":{},"end":{}}],"line":15},"5":{"loc":{"start":{"line":17,"column":6},"end":{"line":17,"column":46}},"type":"if","locations":[{"start":{"line":17,"column":6},"end":{"line":17,"column":46}},{"start":{},"end":{}}],"line":17},"6":{"loc":{"start":{"line":50,"column":4},"end":{"line":52,"column":5}},"type":"if","locations":[{"start":{"line":50,"column":4},"end":{"line":52,"column":5}},{"start":{},"end":{}}],"line":50},"7":{"loc":{"start":{"line":50,"column":8},"end":{"line":50,"column":36}},"type":"binary-expr","locations":[{"start":{"line":50,"column":8},"end":{"line":50,"column":14}},{"start":{"line":50,"column":18},"end":{"line":50,"column":36}}],"line":50},"8":{"loc":{"start":{"line":54,"column":21},"end":{"line":54,"column":101}},"type":"binary-expr","locations":[{"start":{"line":54,"column":21},"end":{"line":54,"column":30}},{"start":{"line":54,"column":34},"end":{"line":54,"column":101}}],"line":54},"9":{"loc":{"start":{"line":55,"column":4},"end":{"line":55,"column":79}},"type":"if","locations":[{"start":{"line":55,"column":4},"end":{"line":55,"column":79}},{"start":{},"end":{}}],"line":55},"10":{"loc":{"start":{"line":64,"column":22},"end":{"line":64,"column":44}},"type":"binary-expr","locations":[{"start":{"line":64,"column":22},"end":{"line":64,"column":36}},{"start":{"line":64,"column":40},"end":{"line":64,"column":44}}],"line":64},"11":{"loc":{"start":{"line":111,"column":4},"end":{"line":111,"column":81}},"type":"if","locations":[{"start":{"line":111,"column":4},"end":{"line":111,"column":81}},{"start":{},"end":{}}],"line":111},"12":{"loc":{"start":{"line":128,"column":4},"end":{"line":128,"column":81}},"type":"if","locations":[{"start":{"line":128,"column":4},"end":{"line":128,"column":81}},{"start":{},"end":{}}],"line":128},"13":{"loc":{"start":{"line":130,"column":4},"end":{"line":132,"column":5}},"type":"if","locations":[{"start":{"line":130,"column":4},"end":{"line":132,"column":5}},{"start":{},"end":{}}],"line":130},"14":{"loc":{"start":{"line":145,"column":4},"end":{"line":145,"column":81}},"type":"if","locations":[{"start":{"line":145,"column":4},"end":{"line":145,"column":81}},{"start":{},"end":{}}],"line":145},"15":{"loc":{"start":{"line":147,"column":4},"end":{"line":149,"column":5}},"type":"if","locations":[{"start":{"line":147,"column":4},"end":{"line":149,"column":5}},{"start":{},"end":{}}],"line":147}},"s":{"0":6,"1":6,"2":6,"3":6,"4":1,"5":1,"6":1,"7":1,"8":1,"9":1,"10":0,"11":1,"12":0,"13":1,"14":0,"15":0,"16":0,"17":1,"18":1,"19":0,"20":6,"21":3,"22":3,"23":3,"24":1,"25":2,"26":2,"27":0,"28":2,"29":2,"30":2,"31":2,"32":2,"33":2,"34":2,"35":2,"36":2,"37":0,"38":6,"39":2,"40":2,"41":2,"42":1,"43":1,"44":0,"45":6,"46":2,"47":2,"48":2,"49":0,"50":2,"51":1,"52":1,"53":1,"54":0,"55":6,"56":1,"57":1,"58":1,"59":0,"60":1,"61":0,"62":1,"63":1,"64":0,"65":6},"f":{"0":1,"1":3,"2":2,"3":2,"4":2,"5":1},"b":{"0":[1,1],"1":[1,1],"2":[0,1],"3":[0,1],"4":[0,1],"5":[0,0],"6":[1,2],"7":[3,3],"8":[2,1],"9":[0,2],"10":[2,2],"11":[1,1],"12":[0,2],"13":[1,1],"14":[0,1],"15":[0,1]},"_coverageSchema":"1a1c01bbd47fc00a2c39e90264f33305004495a9","hash":"fd3a7eed88314638b53643c9daff0a348b04cc0e"}
,"C:\\Users\\CHATZ\\Desktop\\MEDICARE\\medicare-backend\\src\\middleware\\auth.js": {"path":"C:\\Users\\CHATZ\\Desktop\\MEDICARE\\medicare-backend\\src\\middleware\\auth.js","statementMap":{"0":{"start":{"line":1,"column":12},"end":{"line":1,"column":35}},"1":{"start":{"line":2,"column":20},"end":{"line":2,"column":51}},"2":{"start":{"line":4,"column":21},"end":{"line":33,"column":1}},"3":{"start":{"line":5,"column":2},"end":{"line":32,"column":3}},"4":{"start":{"line":6,"column":16},"end":{"line":6,"column":20}},"5":{"start":{"line":8,"column":23},"end":{"line":8,"column":48}},"6":{"start":{"line":9,"column":4},"end":{"line":11,"column":5}},"7":{"start":{"line":10,"column":6},"end":{"line":10,"column":39}},"8":{"start":{"line":13,"column":4},"end":{"line":15,"column":5}},"9":{"start":{"line":14,"column":6},"end":{"line":14,"column":32}},"10":{"start":{"line":17,"column":4},"end":{"line":19,"column":5}},"11":{"start":{"line":18,"column":6},"end":{"line":18,"column":78}},"12":{"start":{"line":21,"column":20},"end":{"line":21,"column":61}},"13":{"start":{"line":22,"column":4},"end":{"line":22,"column":84}},"14":{"start":{"line":23,"column":4},"end":{"line":23,"column":11}},"15":{"start":{"line":25,"column":4},"end":{"line":27,"column":5}},"16":{"start":{"line":26,"column":6},"end":{"line":26,"column":59}},"17":{"start":{"line":28,"column":4},"end":{"line":30,"column":5}},"18":{"start":{"line":29,"column":6},"end":{"line":29,"column":59}},"19":{"start":{"line":31,"column":4},"end":{"line":31,"column":65}},"20":{"start":{"line":35,"column":0},"end":{"line":35,"column":30}}},"fnMap":{"0":{"name":"(anonymous_0)","decl":{"start":{"line":4,"column":21},"end":{"line":4,"column":22}},"loc":{"start":{"line":4,"column":41},"end":{"line":33,"column":1}},"line":4}},"branchMap":{"0":{"loc":{"start":{"line":9,"column":4},"end":{"line":11,"column":5}},"type":"if","locations":[{"start":{"line":9,"column":4},"end":{"line":11,"column":5}},{"start":{},"end":{}}],"line":9},"1":{"loc":{"start":{"line":9,"column":8},"end":{"line":9,"column":54}},"type":"binary-expr","locations":[{"start":{"line":9,"column":8},"end":{"line":9,"column":18}},{"start":{"line":9,"column":22},"end":{"line":9,"column":54}}],"line":9},"2":{"loc":{"start":{"line":13,"column":4},"end":{"line":15,"column":5}},"type":"if","locations":[{"start":{"line":13,"column":4},"end":{"line":15,"column":5}},{"start":{},"end":{}}],"line":13},"3":{"loc":{"start":{"line":13,"column":8},"end":{"line":13,"column":50}},"type":"binary-expr","locations":[{"start":{"line":13,"column":8},"end":{"line":13,"column":14}},{"start":{"line":13,"column":18},"end":{"line":13,"column":29}},{"start":{"line":13,"column":33},"end":{"line":13,"column":50}}],"line":13},"4":{"loc":{"start":{"line":17,"column":4},"end":{"line":19,"column":5}},"type":"if","locations":[{"start":{"line":17,"column":4},"end":{"line":19,"column":5}},{"start":{},"end":{}}],"line":17},"5":{"loc":{"start":{"line":25,"column":4},"end":{"line":27,"column":5}},"type":"if","locations":[{"start":{"line":25,"column":4},"end":{"line":27,"column":5}},{"start":{},"end":{}}],"line":25},"6":{"loc":{"start":{"line":28,"column":4},"end":{"line":30,"column":5}},"type":"if","locations":[{"start":{"line":28,"column":4},"end":{"line":30,"column":5}},{"start":{},"end":{}}],"line":28}},"s":{"0":7,"1":7,"2":7,"3":48,"4":48,"5":48,"6":48,"7":38,"8":48,"9":0,"10":48,"11":10,"12":38,"13":36,"14":36,"15":2,"16":0,"17":2,"18":2,"19":0,"20":7},"f":{"0":48},"b":{"0":[38,10],"1":[48,38],"2":[0,48],"3":[48,10,10],"4":[10,38],"5":[0,2],"6":[2,0]},"_coverageSchema":"1a1c01bbd47fc00a2c39e90264f33305004495a9","hash":"38b04a40ca611a118f4ba101f334aee769dd0388"}
,"C:\\Users\\CHATZ\\Desktop\\MEDICARE\\medicare-backend\\src\\middleware\\error.js": {"path":"C:\\Users\\CHATZ\\Desktop\\MEDICARE\\medicare-backend\\src\\middleware\\error.js","statementMap":{"0":{"start":{"line":1,"column":51},"end":{"line":1,"column":71}},"1":{"start":{"line":2,"column":20},"end":{"line":2,"column":51}},"2":{"start":{"line":4,"column":21},"end":{"line":36,"column":1}},"3":{"start":{"line":5,"column":2},"end":{"line":5,"column":46}},"4":{"start":{"line":7,"column":2},"end":{"line":13,"column":3}},"5":{"start":{"line":8,"column":19},"end":{"line":11,"column":7}},"6":{"start":{"line":8,"column":42},"end":{"line":11,"column":5}},"7":{"start":{"line":12,"column":4},"end":{"line":12,"column":76}},"8":{"start":{"line":15,"column":2},"end":{"line":21,"column":3}},"9":{"start":{"line":16,"column":19},"end":{"line":19,"column":7}},"10":{"start":{"line":16,"column":42},"end":{"line":19,"column":5}},"11":{"start":{"line":20,"column":4},"end":{"line":20,"column":75}},"12":{"start":{"line":23,"column":21},"end":{"line":23,"column":42}},"13":{"start":{"line":24,"column":18},"end":{"line":24,"column":56}},"14":{"start":{"line":26,"column":19},"end":{"line":29,"column":3}},"15":{"start":{"line":31,"column":2},"end":{"line":33,"column":3}},"16":{"start":{"line":32,"column":4},"end":{"line":32,"column":31}},"17":{"start":{"line":35,"column":2},"end":{"line":35,"column":47}},"18":{"start":{"line":38,"column":0},"end":{"line":38,"column":30}}},"fnMap":{"0":{"name":"(anonymous_0)","decl":{"start":{"line":4,"column":21},"end":{"line":4,"column":22}},"loc":{"start":{"line":4,"column":46},"end":{"line":36,"column":1}},"line":4},"1":{"name":"(anonymous_1)","decl":{"start":{"line":8,"column":34},"end":{"line":8,"column":35}},"loc":{"start":{"line":8,"column":42},"end":{"line":11,"column":5}},"line":8},"2":{"name":"(anonymous_2)","decl":{"start":{"line":16,"column":34},"end":{"line":16,"column":35}},"loc":{"start":{"line":16,"column":42},"end":{"line":19,"column":5}},"line":16}},"branchMap":{"0":{"loc":{"start":{"line":5,"column":26},"end":{"line":5,"column":44}},"type":"binary-expr","locations":[{"start":{"line":5,"column":26},"end":{"line":5,"column":37}},{"start":{"line":5,"column":41},"end":{"line":5,"column":44}}],"line":5},"1":{"loc":{"start":{"line":7,"column":2},"end":{"line":13,"column":3}},"type":"if","locations":[{"start":{"line":7,"column":2},"end":{"line":13,"column":3}},{"start":{},"end":{}}],"line":7},"2":{"loc":{"start":{"line":15,"column":2},"end":{"line":21,"column":3}},"type":"if","locations":[{"start":{"line":15,"column":2},"end":{"line":21,"column":3}},{"start":{},"end":{}}],"line":15},"3":{"loc":{"start":{"line":23,"column":21},"end":{"line":23,"column":42}},"type":"binary-expr","locations":[{"start":{"line":23,"column":21},"end":{"line":23,"column":35}},{"start":{"line":23,"column":39},"end":{"line":23,"column":42}}],"line":23},"4":{"loc":{"start":{"line":24,"column":18},"end":{"line":24,"column":56}},"type":"binary-expr","locations":[{"start":{"line":24,"column":18},"end":{"line":24,"column":29}},{"start":{"line":24,"column":33},"end":{"line":24,"column":56}}],"line":24},"5":{"loc":{"start":{"line":31,"column":2},"end":{"line":33,"column":3}},"type":"if","locations":[{"start":{"line":31,"column":2},"end":{"line":33,"column":3}},{"start":{},"end":{}}],"line":31}},"s":{"0":7,"1":7,"2":7,"3":5,"4":5,"5":3,"6":3,"7":3,"8":2,"9":0,"10":0,"11":0,"12":2,"13":2,"14":2,"15":2,"16":0,"17":2,"18":7},"f":{"0":5,"1":3,"2":0},"b":{"0":[5,0],"1":[3,2],"2":[0,2],"3":[2,1],"4":[2,0],"5":[0,2]},"_coverageSchema":"1a1c01bbd47fc00a2c39e90264f33305004495a9","hash":"87b91b21de41551692c57b32d6bcbdc24e2f8e83"}
,"C:\\Users\\CHATZ\\Desktop\\MEDICARE\\medicare-backend\\src\\middleware\\rbac.js": {"path":"C:\\Users\\CHATZ\\Desktop\\MEDICARE\\medicare-backend\\src\\middleware\\rbac.js","statementMap":{"0":{"start":{"line":1,"column":20},"end":{"line":1,"column":51}},"1":{"start":{"line":3,"column":18},"end":{"line":15,"column":1}},"2":{"start":{"line":4,"column":2},"end":{"line":14,"column":4}},"3":{"start":{"line":5,"column":4},"end":{"line":7,"column":5}},"4":{"start":{"line":6,"column":6},"end":{"line":6,"column":69}},"5":{"start":{"line":9,"column":4},"end":{"line":11,"column":5}},"6":{"start":{"line":10,"column":6},"end":{"line":10,"column":81}},"7":{"start":{"line":13,"column":4},"end":{"line":13,"column":11}},"8":{"start":{"line":17,"column":0},"end":{"line":17,"column":27}}},"fnMap":{"0":{"name":"(anonymous_0)","decl":{"start":{"line":3,"column":18},"end":{"line":3,"column":19}},"loc":{"start":{"line":3,"column":39},"end":{"line":15,"column":1}},"line":3},"1":{"name":"(anonymous_1)","decl":{"start":{"line":4,"column":9},"end":{"line":4,"column":10}},"loc":{"start":{"line":4,"column":29},"end":{"line":14,"column":3}},"line":4}},"branchMap":{"0":{"loc":{"start":{"line":5,"column":4},"end":{"line":7,"column":5}},"type":"if","locations":[{"start":{"line":5,"column":4},"end":{"line":7,"column":5}},{"start":{},"end":{}}],"line":5},"1":{"loc":{"start":{"line":9,"column":4},"end":{"line":11,"column":5}},"type":"if","locations":[{"start":{"line":9,"column":4},"end":{"line":11,"column":5}},{"start":{},"end":{}}],"line":9}},"s":{"0":7,"1":7,"2":112,"3":24,"4":0,"5":24,"6":4,"7":20,"8":7},"f":{"0":112,"1":24},"b":{"0":[0,24],"1":[4,20]},"_coverageSchema":"1a1c01bbd47fc00a2c39e90264f33305004495a9","hash":"593b18e8f25bdf190a99295d309be9002c67cd7c"}
,"C:\\Users\\CHATZ\\Desktop\\MEDICARE\\medicare-backend\\src\\middleware\\validate.js": {"path":"C:\\Users\\CHATZ\\Desktop\\MEDICARE\\medicare-backend\\src\\middleware\\validate.js","statementMap":{"0":{"start":{"line":1,"column":20},"end":{"line":1,"column":51}},"1":{"start":{"line":3,"column":17},"end":{"line":21,"column":1}},"2":{"start":{"line":4,"column":2},"end":{"line":20,"column":4}},"3":{"start":{"line":5,"column":29},"end":{"line":8,"column":6}},"4":{"start":{"line":10,"column":4},"end":{"line":16,"column":5}},"5":{"start":{"line":11,"column":21},"end":{"line":14,"column":9}},"6":{"start":{"line":11,"column":52},"end":{"line":14,"column":7}},"7":{"start":{"line":15,"column":6},"end":{"line":15,"column":71}},"8":{"start":{"line":18,"column":4},"end":{"line":18,"column":21}},"9":{"start":{"line":19,"column":4},"end":{"line":19,"column":11}},"10":{"start":{"line":23,"column":0},"end":{"line":23,"column":26}}},"fnMap":{"0":{"name":"(anonymous_0)","decl":{"start":{"line":3,"column":17},"end":{"line":3,"column":18}},"loc":{"start":{"line":3,"column":29},"end":{"line":21,"column":1}},"line":3},"1":{"name":"(anonymous_1)","decl":{"start":{"line":4,"column":9},"end":{"line":4,"column":10}},"loc":{"start":{"line":4,"column":29},"end":{"line":20,"column":3}},"line":4},"2":{"name":"(anonymous_2)","decl":{"start":{"line":11,"column":39},"end":{"line":11,"column":40}},"loc":{"start":{"line":11,"column":52},"end":{"line":14,"column":7}},"line":11}},"branchMap":{"0":{"loc":{"start":{"line":10,"column":4},"end":{"line":16,"column":5}},"type":"if","locations":[{"start":{"line":10,"column":4},"end":{"line":16,"column":5}},{"start":{},"end":{}}],"line":10}},"s":{"0":7,"1":7,"2":15,"3":37,"4":37,"5":5,"6":7,"7":5,"8":32,"9":32,"10":7},"f":{"0":15,"1":37,"2":7},"b":{"0":[5,32]},"_coverageSchema":"1a1c01bbd47fc00a2c39e90264f33305004495a9","hash":"bae9e0aa8083fdb1f880048609f2e896e65d301a"}
,"C:\\Users\\CHATZ\\Desktop\\MEDICARE\\medicare-backend\\src\\models\\Appointment.js": {"path":"C:\\Users\\CHATZ\\Desktop\\MEDICARE\\medicare-backend\\src\\models\\Appointment.js","statementMap":{"0":{"start":{"line":1,"column":22},"end":{"line":1,"column":42}},"1":{"start":{"line":2,"column":18},"end":{"line":2,"column":47}},"2":{"start":{"line":3,"column":23},"end":{"line":3,"column":38}},"3":{"start":{"line":5,"column":20},"end":{"line":72,"column":2}},"4":{"start":{"line":74,"column":0},"end":{"line":83,"column":3}},"5":{"start":{"line":75,"column":2},"end":{"line":77,"column":3}},"6":{"start":{"line":76,"column":4},"end":{"line":76,"column":30}},"7":{"start":{"line":78,"column":2},"end":{"line":82,"column":3}},"8":{"start":{"line":79,"column":17},"end":{"line":79,"column":41}},"9":{"start":{"line":80,"column":18},"end":{"line":80,"column":47}},"10":{"start":{"line":81,"column":4},"end":{"line":81,"column":85}},"11":{"start":{"line":85,"column":0},"end":{"line":85,"column":29}}},"fnMap":{"0":{"name":"(anonymous_0)","decl":{"start":{"line":74,"column":25},"end":{"line":74,"column":26}},"loc":{"start":{"line":74,"column":48},"end":{"line":83,"column":1}},"line":74}},"branchMap":{"0":{"loc":{"start":{"line":75,"column":2},"end":{"line":77,"column":3}},"type":"if","locations":[{"start":{"line":75,"column":2},"end":{"line":77,"column":3}},{"start":{},"end":{}}],"line":75},"1":{"loc":{"start":{"line":78,"column":2},"end":{"line":82,"column":3}},"type":"if","locations":[{"start":{"line":78,"column":2},"end":{"line":82,"column":3}},{"start":{},"end":{}}],"line":78}},"s":{"0":6,"1":6,"2":6,"3":6,"4":6,"5":1,"6":0,"7":1,"8":0,"9":0,"10":0,"11":6},"f":{"0":1},"b":{"0":[0,1],"1":[0,1]},"_coverageSchema":"1a1c01bbd47fc00a2c39e90264f33305004495a9","hash":"8900f943df1e4a87e9fb8cf7fa1fff995d7c504f"}
,"C:\\Users\\CHATZ\\Desktop\\MEDICARE\\medicare-backend\\src\\models\\Doctor.js": {"path":"C:\\Users\\CHATZ\\Desktop\\MEDICARE\\medicare-backend\\src\\models\\Doctor.js","statementMap":{"0":{"start":{"line":1,"column":22},"end":{"line":1,"column":42}},"1":{"start":{"line":2,"column":18},"end":{"line":2,"column":47}},"2":{"start":{"line":3,"column":23},"end":{"line":3,"column":38}},"3":{"start":{"line":5,"column":15},"end":{"line":52,"column":2}},"4":{"start":{"line":54,"column":0},"end":{"line":58,"column":3}},"5":{"start":{"line":55,"column":2},"end":{"line":57,"column":3}},"6":{"start":{"line":56,"column":4},"end":{"line":56,"column":25}},"7":{"start":{"line":60,"column":0},"end":{"line":60,"column":24}}},"fnMap":{"0":{"name":"(anonymous_0)","decl":{"start":{"line":54,"column":20},"end":{"line":54,"column":21}},"loc":{"start":{"line":54,"column":32},"end":{"line":58,"column":1}},"line":54}},"branchMap":{"0":{"loc":{"start":{"line":55,"column":2},"end":{"line":57,"column":3}},"type":"if","locations":[{"start":{"line":55,"column":2},"end":{"line":57,"column":3}},{"start":{},"end":{}}],"line":55}},"s":{"0":6,"1":6,"2":6,"3":6,"4":6,"5":2,"6":0,"7":6},"f":{"0":2},"b":{"0":[0,2]},"_coverageSchema":"1a1c01bbd47fc00a2c39e90264f33305004495a9","hash":"92d774f4a57e55405a5d8030f8647329321a6da2"}
,"C:\\Users\\CHATZ\\Desktop\\MEDICARE\\medicare-backend\\src\\models\\MedicalHistory.js": {"path":"C:\\Users\\CHATZ\\Desktop\\MEDICARE\\medicare-backend\\src\\models\\MedicalHistory.js","statementMap":{"0":{"start":{"line":1,"column":22},"end":{"line":1,"column":42}},"1":{"start":{"line":2,"column":18},"end":{"line":2,"column":47}},"2":{"start":{"line":3,"column":23},"end":{"line":3,"column":38}},"3":{"start":{"line":5,"column":23},"end":{"line":48,"column":2}},"4":{"start":{"line":50,"column":0},"end":{"line":54,"column":3}},"5":{"start":{"line":51,"column":2},"end":{"line":53,"column":3}},"6":{"start":{"line":52,"column":4},"end":{"line":52,"column":26}},"7":{"start":{"line":56,"column":0},"end":{"line":56,"column":32}}},"fnMap":{"0":{"name":"(anonymous_0)","decl":{"start":{"line":50,"column":28},"end":{"line":50,"column":29}},"loc":{"start":{"line":50,"column":41},"end":{"line":54,"column":1}},"line":50}},"branchMap":{"0":{"loc":{"start":{"line":51,"column":2},"end":{"line":53,"column":3}},"type":"if","locations":[{"start":{"line":51,"column":2},"end":{"line":53,"column":3}},{"start":{},"end":{}}],"line":51}},"s":{"0":6,"1":6,"2":6,"3":6,"4":6,"5":4,"6":0,"7":6},"f":{"0":4},"b":{"0":[0,4]},"_coverageSchema":"1a1c01bbd47fc00a2c39e90264f33305004495a9","hash":"91ad6b7520692df404996fefe6f8f59a26a3c4c0"}
[...]
{"line":49,"column":4},"end":{"line":49,"column":32}},{"start":{},"end":{}}],"line":49},"1":{"loc":{"start":{"line":50,"column":4},"end":{"line":55,"column":5}},"type":"if","locations":[{"start":{"line":50,"column":4},"end":{"line":55,"column":5}},{"start":{},"end":{}}],"line":50},"2":{"loc":{"start":{"line":71,"column":4},"end":{"line":71,"column":98}},"type":"if","locations":[{"start":{"line":71,"column":4},"end":{"line":71,"column":98}},{"start":{},"end":{}}],"line":71},"3":{"loc":{"start":{"line":72,"column":4},"end":{"line":72,"column":126}},"type":"if","locations":[{"start":{"line":72,"column":4},"end":{"line":72,"column":126}},{"start":{},"end":{}}],"line":72},"4":{"loc":{"start":{"line":79,"column":31},"end":{"line":79,"column":75}},"type":"cond-expr","locations":[{"start":{"line":79,"column":48},"end":{"line":79,"column":59}},{"start":{"line":79,"column":62},"end":{"line":79,"column":75}}],"line":79},"5":{"loc":{"start":{"line":90,"column":4},"end":{"line":92,"column":5}},"type":"if","locations":[{"start":{"line":90,"column":4},"end":{"line":92,"column":5}},{"start":{},"end":{}}],"line":90},"6":{"loc":{"start":{"line":90,"column":8},"end":{"line":90,"column":46}},"type":"binary-expr","locations":[{"start":{"line":90,"column":8},"end":{"line":90,"column":20}},{"start":{"line":90,"column":24},"end":{"line":90,"column":46}}],"line":90},"7":{"loc":{"start":{"line":94,"column":4},"end":{"line":94,"column":98}},"type":"if","locations":[{"start":{"line":94,"column":4},"end":{"line":94,"column":98}},{"start":{},"end":{}}],"line":94}},"s":{"0":6,"1":6,"2":6,"3":6,"4":6,"5":6,"6":6,"7":6,"8":6,"9":6,"10":6,"11":6,"12":6,"13":6,"14":6,"15":6,"16":0,"17":0,"18":0,"19":0,"20":0,"21":0,"22":0,"23":0,"24":0,"25":0,"26":6,"27":0,"28":0,"29":0,"30":0,"31":0,"32":0,"33":0,"34":0,"35":0,"36":6,"37":0,"38":0,"39":0,"40":0,"41":0,"42":0,"43":0,"44":0,"45":0,"46":0,"47":0,"48":0,"49":6},"f":{"0":0,"1":0,"2":0},"b":{"0":[0,0],"1":[0,0],"2":[0,0],"3":[0,0],"4":[0,0],"5":[0,0],"6":[0,0],"7":[0,0]},"_coverageSchema":"1a1c01bbd47fc00a2c39e90264f33305004495a9","hash":"9db6aa820291ca7c02fe665a832f3a7594f2bbac"}
,"C:\\Users\\CHATZ\\Desktop\\MEDICARE\\medicare-backend\\src\\routes\\dashboard.js": {"path":"C:\\Users\\CHATZ\\Desktop\\MEDICARE\\medicare-backend\\src\\routes\\dashboard.js","statementMap":{"0":{"start":{"line":1,"column":16},"end":{"line":1,"column":34}},"1":{"start":{"line":2,"column":15},"end":{"line":2,"column":31}},"2":{"start":{"line":3,"column":28},"end":{"line":3,"column":73}},"3":{"start":{"line":4,"column":21},"end":{"line":4,"column":50}},"4":{"start":{"line":5,"column":18},"end":{"line":5,"column":47}},"5":{"start":{"line":7,"column":0},"end":{"line":7,"column":25}},"6":{"start":{"line":9,"column":0},"end":{"line":9,"column":106}},"7":{"start":{"line":10,"column":0},"end":{"line":10,"column":131}},"8":{"start":{"line":11,"column":0},"end":{"line":11,"column":125}},"9":{"start":{"line":13,"column":0},"end":{"line":13,"column":24}}},"fnMap":{},"branchMap":{},"s":{"0":6,"1":6,"2":6,"3":6,"4":6,"5":6,"6":6,"7":6,"8":6,"9":6},"f":{},"b":{},"_coverageSchema":"1a1c01bbd47fc00a2c39e90264f33305004495a9","hash":"b875af48b3f008b0ff569a31e27c95dcbcb57c87"}
,"C:\\Users\\CHATZ\\Desktop\\MEDICARE\\medicare-backend\\src\\routes\\doctors.js": {"path":"C:\\Users\\CHATZ\\Desktop\\MEDICARE\\medicare-backend\\src\\routes\\doctors.js","statementMap":{"0":{"start":{"line":1,"column":16},"end":{"line":1,"column":34}},"1":{"start":{"line":2,"column":15},"end":{"line":2,"column":31}},"2":{"start":{"line":3,"column":25},"end":{"line":3,"column":67}},"3":{"start":{"line":4,"column":21},"end":{"line":4,"column":50}},"4":{"start":{"line":5,"column":18},"end":{"line":5,"column":47}},"5":{"start":{"line":7,"column":0},"end":{"line":7,"column":25}},"6":{"start":{"line":9,"column":0},"end":{"line":9,"column":48}},"7":{"start":{"line":10,"column":0},"end":{"line":10,"column":68}},"8":{"start":{"line":11,"column":0},"end":{"line":11,"column":51}},"9":{"start":{"line":12,"column":0},"end":{"line":12,"column":80}},"10":{"start":{"line":13,"column":0},"end":{"line":13,"column":72}},"11":{"start":{"line":15,"column":0},"end":{"line":15,"column":24}}},"fnMap":{},"branchMap":{},"s":{"0":6,"1":6,"2":6,"3":6,"4":6,"5":6,"6":6,"7":6,"8":6,"9":6,"10":6,"11":6},"f":{},"b":{},"_coverageSchema":"1a1c01bbd47fc00a2c39e90264f33305004495a9","hash":"0deba0ea8426aeb513a9f470c2acafe30268d7d7"}
,"C:\\Users\\CHATZ\\Desktop\\MEDICARE\\medicare-backend\\src\\routes\\patients.js": {"path":"C:\\Users\\CHATZ\\Desktop\\MEDICARE\\medicare-backend\\src\\routes\\patients.js","statementMap":{"0":{"start":{"line":1,"column":16},"end":{"line":1,"column":34}},"1":{"start":{"line":2,"column":15},"end":{"line":2,"column":31}},"2":{"start":{"line":3,"column":26},"end":{"line":3,"column":69}},"3":{"start":{"line":4,"column":21},"end":{"line":4,"column":50}},"4":{"start":{"line":5,"column":18},"end":{"line":5,"column":47}},"5":{"start":{"line":7,"column":0},"end":{"line":7,"column":25}},"6":{"start":{"line":9,"column":0},"end":{"line":9,"column":50}},"7":{"start":{"line":10,"column":0},"end":{"line":10,"column":86}},"8":{"start":{"line":11,"column":0},"end":{"line":11,"column":53}},"9":{"start":{"line":12,"column":0},"end":{"line":12,"column":52}},"10":{"start":{"line":13,"column":0},"end":{"line":13,"column":75}},"11":{"start":{"line":14,"column":0},"end":{"line":14,"column":103}},"12":{"start":{"line":15,"column":0},"end":{"line":15,"column":97}},"13":{"start":{"line":17,"column":0},"end":{"line":17,"column":24}}},"fnMap":{},"branchMap":{},"s":{"0":6,"1":6,"2":6,"3":6,"4":6,"5":6,"6":6,"7":6,"8":6,"9":6,"10":6,"11":6,"12":6,"13":6},"f":{},"b":{},"_coverageSchema":"1a1c01bbd47fc00a2c39e90264f33305004495a9","hash":"88fea8fd15f6fb8deacecbf1f3c98467ca2661b0"}
,"C:\\Users\\CHATZ\\Desktop\\MEDICARE\\medicare-backend\\src\\routes\\prescriptions.js": {"path":"C:\\Users\\CHATZ\\Desktop\\MEDICARE\\medicare-backend\\src\\routes\\prescriptions.js","statementMap":{"0":{"start":{"line":1,"column":16},"end":{"line":1,"column":34}},"1":{"start":{"line":2,"column":15},"end":{"line":2,"column":31}},"2":{"start":{"line":3,"column":31},"end":{"line":3,"column":79}},"3":{"start":{"line":4,"column":21},"end":{"line":4,"column":50}},"4":{"start":{"line":5,"column":18},"end":{"line":5,"column":47}},"5":{"start":{"line":7,"column":0},"end":{"line":7,"column":25}},"6":{"start":{"line":9,"column":0},"end":{"line":9,"column":99}},"7":{"start":{"line":10,"column":0},"end":{"line":10,"column":90}},"8":{"start":{"line":11,"column":0},"end":{"line":11,"column":63}},"9":{"start":{"line":12,"column":0},"end":{"line":12,"column":102}},"10":{"start":{"line":13,"column":0},"end":{"line":13,"column":99}},"11":{"start":{"line":15,"column":0},"end":{"line":15,"column":24}}},"fnMap":{},"branchMap":{},"s":{"0":6,"1":6,"2":6,"3":6,"4":6,"5":6,"6":6,"7":6,"8":6,"9":6,"10":6,"11":6},"f":{},"b":{},"_coverageSchema":"1a1c01bbd47fc00a2c39e90264f33305004495a9","hash":"ae54695a528ccb2c7ba1935035bbc819a0b210cd"}
,"C:\\Users\\CHATZ\\Desktop\\MEDICARE\\medicare-backend\\src\\services\\conflictService.js": {"path":"C:\\Users\\CHATZ\\Desktop\\MEDICARE\\medicare-backend\\src\\services\\conflictService.js","statementMap":{"0":{"start":{"line":1,"column":32},"end":{"line":1,"column":52}},"1":{"start":{"line":2,"column":15},"end":{"line":2,"column":35}},"2":{"start":{"line":4,"column":23},"end":{"line":24,"column":1}},"3":{"start":{"line":5,"column":22},"end":{"line":12,"column":3}},"4":{"start":{"line":14,"column":2},"end":{"line":16,"column":3}},"5":{"start":{"line":15,"column":4},"end":{"line":15,"column":55}},"6":{"start":{"line":18,"column":22},"end":{"line":18,"column":71}},"7":{"start":{"line":20,"column":2},"end":{"line":23,"column":4}},"8":{"start":{"line":26,"column":32},"end":{"line":47,"column":1}},"9":{"start":{"line":27,"column":17},"end":{"line":27,"column":48}},"10":{"start":{"line":28,"column":2},"end":{"line":28,"column":72}},"11":{"start":{"line":28,"column":15},"end":{"line":28,"column":72}},"12":{"start":{"line":30,"column":20},"end":{"line":30,"column":46}},"13":{"start":{"line":31,"column":18},"end":{"line":31,"column":39}},"14":{"start":{"line":32,"column":19},"end":{"line":32,"column":35}},"15":{"start":{"line":34,"column":19},"end":{"line":34,"column":97}},"16":{"start":{"line":35,"column":24},"end":{"line":35,"column":73}},"17":{"start":{"line":36,"column":18},"end":{"line":36,"column":36}},"18":{"start":{"line":37,"column":19},"end":{"line":37,"column":42}},"19":{"start":{"line":39,"column":2},"end":{"line":44,"column":3}},"20":{"start":{"line":40,"column":17},"end":{"line":40,"column":84}},"21":{"start":{"line":40,"column":61},"end":{"line":40,"column":83}},"22":{"start":{"line":41,"column":4},"end":{"line":43,"column":5}},"23":{"start":{"line":42,"column":6},"end":{"line":42,"column":82}},"24":{"start":{"line":46,"column":2},"end":{"line":46,"column":29}},"25":{"start":{"line":49,"column":0},"end":{"line":49,"column":61}}},"fnMap":{"0":{"name":"(anonymous_0)","decl":{"start":{"line":4,"column":23},"end":{"line":4,"column":24}},"loc":{"start":{"line":4,"column":109},"end":{"line":24,"column":1}},"line":4},"1":{"name":"(anonymous_1)","decl":{"start":{"line":26,"column":32},"end":{"line":26,"column":33}},"loc":{"start":{"line":26,"column":69},"end":{"line":47,"column":1}},"line":26},"2":{"name":"(anonymous_2)","decl":{"start":{"line":40,"column":54},"end":{"line":40,"column":55}},"loc":{"start":{"line":40,"column":61},"end":{"line":40,"column":83}},"line":40}},"branchMap":{"0":{"loc":{"start":{"line":4,"column":77},"end":{"line":4,"column":104}},"type":"default-arg","locations":[{"start":{"line":4,"column":100},"end":{"line":4,"column":104}}],"line":4},"1":{"loc":{"start":{"line":14,"column":2},"end":{"line":16,"column":3}},"type":"if","locations":[{"start":{"line":14,"column":2},"end":{"line":16,"column":3}},{"start":{},"end":{}}],"line":14},"2":{"loc":{"start":{"line":28,"column":2},"end":{"line":28,"column":72}},"type":"if","locations":[{"start":{"line":28,"column":2},"end":{"line":28,"column":72}},{"start":{},"end":{}}],"line":28},"3":{"loc":{"start":{"line":39,"column":2},"end":{"line":44,"column":3}},"type":"if","locations":[{"start":{"line":39,"column":2},"end":{"line":44,"column":3}},{"start":{},"end":{}}],"line":39},"4":{"loc":{"start":{"line":41,"column":4},"end":{"line":43,"column":5}},"type":"if","locations":[{"start":{"line":41,"column":4},"end":{"line":43,"column":5}},{"start":{},"end":{}}],"line":41},"5":{"loc":{"start":{"line":41,"column":8},"end":{"line":41,"column":59}},"type":"binary-expr","locations":[{"start":{"line":41,"column":8},"end":{"line":41,"column":31}},{"start":{"line":41,"column":35},"end":{"line":41,"column":59}}],"line":41}},"s":{"0":6,"1":6,"2":6,"3":1,"4":1,"5":0,"6":1,"7":1,"8":6,"9":1,"10":1,"11":0,"12":1,"13":1,"14":1,"15":1,"16":1,"17":1,"18":1,"19":1,"20":1,"21":5,"22":1,"23":0,"24":1,"25":6},"f":{"0":1,"1":1,"2":5},"b":{"0":[1],"1":[0,1],"2":[0,1],"3":[1,0],"4":[0,1],"5":[1,1]},"_coverageSchema":"1a1c01bbd47fc00a2c39e90264f33305004495a9","hash":"828c9bf8e3746cd150cde51103b479b081db9b29"}
,"C:\\Users\\CHATZ\\Desktop\\MEDICARE\\medicare-backend\\src\\services\\emailService.js": {"path":"C:\\Users\\CHATZ\\Desktop\\MEDICARE\\medicare-backend\\src\\services\\emailService.js","statementMap":{"0":{"start":{"line":1,"column":20},"end":{"line":1,"column":46}},"1":{"start":{"line":3,"column":18},"end":{"line":18,"column":1}},"2":{"start":{"line":4,"column":2},"end":{"line":17,"column":3}},"3":{"start":{"line":5,"column":17},"end":{"line":11,"column":6}},"4":{"start":{"line":12,"column":4},"end":{"line":12,"column":49}},"5":{"start":{"line":13,"column":4},"end":{"line":13,"column":16}},"6":{"start":{"line":15,"column":4},"end":{"line":15,"column":50}},"7":{"start":{"line":16,"column":4},"end":{"line":16,"column":16}},"8":{"start":{"line":20,"column":0},"end":{"line":20,"column":31}}},"fnMap":{"0":{"name":"(anonymous_0)","decl":{"start":{"line":3,"column":18},"end":{"line":3,"column":19}},"loc":{"start":{"line":3,"column":57},"end":{"line":18,"column":1}},"line":3}},"branchMap":{},"s":{"0":0,"1":0,"2":0,"3":0,"4":0,"5":0,"6":0,"7":0,"8":0},"f":{"0":0},"b":{}}
,"C:\\Users\\CHATZ\\Desktop\\MEDICARE\\medicare-backend\\src\\utils\\apiResponse.js": {"path":"C:\\Users\\CHATZ\\Desktop\\MEDICARE\\medicare-backend\\src\\utils\\apiResponse.js","statementMap":{"0":{"start":{"line":1,"column":24},"end":{"line":7,"column":1}},"1":{"start":{"line":2,"column":2},"end":{"line":6,"column":5}},"2":{"start":{"line":9,"column":22},"end":{"line":16,"column":1}},"3":{"start":{"line":10,"column":19},"end":{"line":13,"column":3}},"4":{"start":{"line":14,"column":2},"end":{"line":14,"column":60}},"5":{"start":{"line":14,"column":35},"end":{"line":14,"column":60}},"6":{"start":{"line":15,"column":2},"end":{"line":15,"column":47}},"7":{"start":{"line":18,"column":16},"end":{"line":20,"column":1}},"8":{"start":{"line":19,"column":2},"end":{"line":19,"column":57}},"9":{"start":{"line":22,"column":18},"end":{"line":34,"column":1}},"10":{"start":{"line":23,"column":2},"end":{"line":33,"column":5}},"11":{"start":{"line":36,"column":14},"end":{"line":38,"column":1}},"12":{"start":{"line":37,"column":2},"end":{"line":37,"column":63}},"13":{"start":{"line":40,"column":0},"end":{"line":40,"column":79}}},"fnMap":{"0":{"name":"(anonymous_0)","decl":{"start":{"line":1,"column":24},"end":{"line":1,"column":25}},"loc":{"start":{"line":1,"column":85},"end":{"line":7,"column":1}},"line":1},"1":{"name":"(anonymous_1)","decl":{"start":{"line":9,"column":22},"end":{"line":9,"column":23}},"loc":{"start":{"line":9,"column":88},"end":{"line":16,"column":1}},"line":9},"2":{"name":"(anonymous_2)","decl":{"start":{"line":18,"column":16},"end":{"line":18,"column":17}},"loc":{"start":{"line":18,"column":77},"end":{"line":20,"column":1}},"line":18},"3":{"name":"(anonymous_3)","decl":{"start":{"line":22,"column":18},"end":{"line":22,"column":19}},"loc":{"start":{"line":22,"column":74},"end":{"line":34,"column":1}},"line":22},"4":{"name":"(anonymous_4)","decl":{"start":{"line":36,"column":14},"end":{"line":36,"column":15}},"loc":{"start":{"line":36,"column":82},"end":{"line":38,"column":1}},"line":36}},"branchMap":{"0":{"loc":{"start":{"line":1,"column":30},"end":{"line":1,"column":41}},"type":"default-arg","locations":[{"start":{"line":1,"column":37},"end":{"line":1,"column":41}}],"line":1},"1":{"loc":{"start":{"line":1,"column":43},"end":{"line":1,"column":62}},"type":"default-arg","locations":[{"start":{"line":1,"column":53},"end":{"line":1,"column":62}}],"line":1},"2":{"loc":{"start":{"line":1,"column":64},"end":{"line":1,"column":80}},"type":"default-arg","locations":[{"start":{"line":1,"column":77},"end":{"line":1,"column":80}}],"line":1},"3":{"loc":{"start":{"line":9,"column":28},"end":{"line":9,"column":52}},"type":"default-arg","locations":[{"start":{"line":9,"column":38},"end":{"line":9,"column":52}}],"line":9},"4":{"loc":{"start":{"line":9,"column":54},"end":{"line":9,"column":70}},"type":"default-arg","locations":[{"start":{"line":9,"column":67},"end":{"line":9,"column":70}}],"line":9},"5":{"loc":{"start":{"line":9,"column":72},"end":{"line":9,"column":83}},"type":"default-arg","locations":[{"start":{"line":9,"column":81},"end":{"line":9,"column":83}}],"line":9},"6":{"loc":{"start":{"line":14,"column":2},"end":{"line":14,"column":60}},"type":"if","locations":[{"start":{"line":14,"column":2},"end":{"line":14,"column":60}},{"start":{},"end":{}}],"line":14},"7":{"loc":{"start":{"line":14,"column":6},"end":{"line":14,"column":33}},"type":"binary-expr","locations":[{"start":{"line":14,"column":6},"end":{"line":14,"column":12}},{"start":{"line":14,"column":16},"end":{"line":14,"column":33}}],"line":14},"8":{"loc":{"start":{"line":18,"column":22},"end":{"line":18,"column":33}},"type":"default-arg","locations":[{"start":{"line":18,"column":29},"end":{"line":18,"column":33}}],"line":18},"9":{"loc":{"start":{"line":18,"column":35},"end":{"line":18,"column":54}},"type":"default-arg","locations":[{"start":{"line":18,"column":45},"end":{"line":18,"column":54}}],"line":18},"10":{"loc":{"start":{"line":18,"column":56},"end":{"line":18,"column":72}},"type":"default-arg","locations":[{"start":{"line":18,"column":69},"end":{"line":18,"column":72}}],"line":18},"11":{"loc":{"start":{"line":22,"column":50},"end":{"line":22,"column":69}},"type":"default-arg","locations":[{"start":{"line":22,"column":60},"end":{"line":22,"column":69}}],"line":22},"12":{"loc":{"start":{"line":36,"column":20},"end":{"line":36,"column":44}},"type":"default-arg","locations":[{"start":{"line":36,"column":30},"end":{"line":36,"column":44}}],"line":36},"13":{"loc":{"start":{"line":36,"column":46},"end":{"line":36,"column":62}},"type":"default-arg","locations":[{"start":{"line":36,"column":59},"end":{"line":36,"column":62}}],"line":36},"14":{"loc":{"start":{"line":36,"column":64},"end":{"line":36,"column":77}},"type":"default-arg","locations":[{"start":{"line":36,"column":73},"end":{"line":36,"column":77}}],"line":36},"15":{"loc":{"start":{"line":37,"column":49},"end":{"line":37,"column":61}},"type":"binary-expr","locations":[{"start":{"line":37,"column":49},"end":{"line":37,"column":55}},{"start":{"line":37,"column":59},"end":{"line":37,"column":61}}],"line":37}},"s":{"0":9,"1":55,"2":9,"3":36,"4":36,"5":8,"6":36,"7":9,"8":0,"9":9,"10":0,"11":9,"12":21,"13":9},"f":{"0":55,"1":36,"2":0,"3":0,"4":21},"b":{"0":[0],"1":[0],"2":[33],"3":[0],"4":[1],"5":[11],"6":[8,28],"7":[36,36],"8":[0],"9":[0],"10":[0],"11":[0],"12":[0],"13":[0],"14":[16],"15":[21,16]},"_coverageSchema":"1a1c01bbd47fc00a2c39e90264f33305004495a9","hash":"6ea0756b346ba6b487a8a5eaf1623e0ec0b61b60"}
,"C:\\Users\\CHATZ\\Desktop\\MEDICARE\\medicare-backend\\src\\utils\\generateId.js": {"path":"C:\\Users\\CHATZ\\Desktop\\MEDICARE\\medicare-backend\\src\\utils\\generateId.js","statementMap":{"0":{"start":{"line":1,"column":23},"end":{"line":1,"column":38}},"1":{"start":{"line":3,"column":21},"end":{"line":5,"column":1}},"2":{"start":{"line":4,"column":2},"end":{"line":4,"column":18}},"3":{"start":{"line":7,"column":30},"end":{"line":11,"column":1}},"4":{"start":{"line":8,"column":15},"end":{"line":8,"column":39}},"5":{"start":{"line":9,"column":17},"end":{"line":9,"column":78}},"6":{"start":{"line":10,"column":2},"end":{"line":10,"column":33}},"7":{"start":{"line":13,"column":34},"end":{"line":17,"column":1}},"8":{"start":{"line":14,"column":15},"end":{"line":14,"column":39}},"9":{"start":{"line":15,"column":17},"end":{"line":15,"column":78}},"10":{"start":{"line":16,"column":2},"end":{"line":16,"column":33}},"11":{"start":{"line":19,"column":35},"end":{"line":23,"column":1}},"12":{"start":{"line":20,"column":15},"end":{"line":20,"column":39}},"13":{"start":{"line":21,"column":17},"end":{"line":21,"column":78}},"14":{"start":{"line":22,"column":2},"end":{"line":22,"column":32}},"15":{"start":{"line":25,"column":0},"end":{"line":25,"column":112}}},"fnMap":{"0":{"name":"(anonymous_0)","decl":{"start":{"line":3,"column":21},"end":{"line":3,"column":22}},"loc":{"start":{"line":3,"column":27},"end":{"line":5,"column":1}},"line":3},"1":{"name":"(anonymous_1)","decl":{"start":{"line":7,"column":30},"end":{"line":7,"column":31}},"loc":{"start":{"line":7,"column":36},"end":{"line":11,"column":1}},"line":7},"2":{"name":"(anonymous_2)","decl":{"start":{"line":13,"column":34},"end":{"line":13,"column":35}},"loc":{"start":{"line":13,"column":40},"end":{"line":17,"column":1}},"line":13},"3":{"name":"(anonymous_3)","decl":{"start":{"line":19,"column":35},"end":{"line":19,"column":36}},"loc":{"start":{"line":19,"column":41},"end":{"line":23,"column":1}},"line":19}},"branchMap":{},"s":{"0":7,"1":7,"2":12,"3":7,"4":7,"5":7,"6":7,"7":7,"8":1,"9":1,"10":1,"11":7,"12":1,"13":1,"14":1,"15":7},"f":{"0":12,"1":7,"2":1,"3":1},"b":{},"_coverageSchema":"1a1c01bbd47fc00a2c39e90264f33305004495a9","hash":"75a23a11e5a91565465bc8e1af249f56bcf1bbf7"}
}
