TN:
SF:src\app.js
FN:26,(anonymous_0)
FN:29,(anonymous_1)
FN:83,(anonymous_2)
FNF:3
FNH:2
FNDA:24,(anonymous_0)
FNDA:78,(anonymous_1)
FNDA:0,(anonymous_2)
DA:1,6
DA:2,6
DA:3,6
DA:4,6
DA:5,6
DA:6,6
DA:7,6
DA:8,6
DA:9,6
DA:11,6
DA:12,6
DA:13,6
DA:14,6
DA:15,6
DA:16,6
DA:17,6
DA:19,6
DA:22,6
DA:24,6
DA:26,24
DA:28,6
DA:31,78
DA:33,0
DA:35,0
DA:36,0
DA:37,0
DA:39,0
DA:45,6
DA:56,6
DA:67,6
DA:68,6
DA:71,6
DA:72,6
DA:73,6
DA:76,6
DA:79,6
DA:80,6
DA:83,6
DA:84,0
DA:88,6
DA:89,6
DA:90,6
DA:91,6
DA:92,6
DA:93,6
DA:96,6
DA:98,6
LF:47
LH:41
BRDA:24,0,0,6
BRDA:24,0,1,0
BRDA:24,0,2,0
BRDA:31,1,0,78
BRDA:31,1,1,0
BRDA:33,2,0,0
BRDA:33,2,1,0
BRDA:35,3,0,0
BRDA:35,3,1,0
BRDA:37,4,0,0
BRDA:37,4,1,0
BRF:11
BRH:2
end_of_record
TN:
SF:src\controllers\appointmentController.js
FN:6,(anonymous_0)
FN:48,(anonymous_1)
FN:84,(anonymous_2)
FN:103,(anonymous_3)
FN:117,(anonymous_4)
FN:155,(anonymous_5)
FN:168,(anonymous_6)
FNF:7
FNH:3
FNDA:1,(anonymous_0)
FNDA:1,(anonymous_1)
FNDA:2,(anonymous_2)
FNDA:0,(anonymous_3)
FNDA:0,(anonymous_4)
FNDA:0,(anonymous_5)
FNDA:0,(anonymous_6)
DA:1,6
DA:2,6
DA:3,6
DA:4,6
DA:6,6
DA:7,1
DA:8,1
DA:9,1
DA:10,1
DA:12,1
DA:13,1
DA:14,1
DA:15,1
DA:16,1
DA:18,1
DA:19,0
DA:20,0
DA:23,1
DA:36,1
DA:44,0
DA:48,6
DA:49,1
DA:50,1
DA:52,1
DA:53,1
DA:54,0
DA:57,1
DA:58,1
DA:59,0
DA:62,1
DA:63,1
DA:64,1
DA:66,1
DA:78,1
DA:80,0
DA:84,6
DA:85,2
DA:86,2
DA:95,2
DA:97,1
DA:99,0
DA:103,6
DA:104,0
DA:105,0
DA:106,0
DA:108,0
DA:109,0
DA:110,0
DA:111,0
DA:115,0
DA:116,0
DA:117,0
DA:118,0
DA:121,0
DA:122,0
DA:123,0
DA:124,0
DA:125,0
DA:128,0
DA:129,0
DA:130,0
DA:131,0
DA:136,0
DA:149,0
DA:151,0
DA:155,6
DA:156,0
DA:157,0
DA:158,0
DA:160,0
DA:162,0
DA:164,0
DA:168,6
DA:169,0
DA:170,0
DA:172,0
DA:173,0
DA:176,0
DA:178,0
DA:183,0
DA:187,6
LF:81
LH:38
BRDA:8,0,0,1
BRDA:8,0,1,1
BRDA:9,1,0,1
BRDA:9,1,1,1
BRDA:13,2,0,0
BRDA:13,2,1,1
BRDA:14,3,0,0
BRDA:14,3,1,1
BRDA:15,4,0,0
BRDA:15,4,1,1
BRDA:16,5,0,0
BRDA:16,5,1,1
BRDA:18,6,0,0
BRDA:18,6,1,1
BRDA:20,7,0,0
BRDA:20,7,1,0
BRDA:53,8,0,0
BRDA:53,8,1,1
BRDA:58,9,0,0
BRDA:58,9,1,1
BRDA:95,10,0,1
BRDA:95,10,1,1
BRDA:106,11,0,0
BRDA:106,11,1,0
BRDA:108,12,0,0
BRDA:108,12,1,0
BRDA:110,13,0,0
BRDA:110,13,1,0
BRDA:110,14,0,0
BRDA:110,14,1,0
BRDA:118,15,0,0
BRDA:118,15,1,0
BRDA:121,16,0,0
BRDA:121,16,1,0
BRDA:121,17,0,0
BRDA:121,17,1,0
BRDA:121,17,2,0
BRDA:122,18,0,0
BRDA:122,18,1,0
BRDA:123,19,0,0
BRDA:123,19,1,0
BRDA:124,20,0,0
BRDA:124,20,1,0
BRDA:125,21,0,0
BRDA:125,21,1,0
BRDA:128,22,0,0
BRDA:128,22,1,0
BRDA:128,23,0,0
BRDA:128,23,1,0
BRDA:128,23,2,0
BRDA:128,23,3,0
BRDA:130,24,0,0
BRDA:130,24,1,0
BRDA:138,25,0,0
BRDA:138,25,1,0
BRDA:139,26,0,0
BRDA:139,26,1,0
BRDA:140,27,0,0
BRDA:140,27,1,0
BRDA:141,28,0,0
BRDA:141,28,1,0
BRDA:142,29,0,0
BRDA:142,29,1,0
BRDA:143,30,0,0
BRDA:143,30,1,0
BRDA:144,31,0,0
BRDA:144,31,1,0
BRDA:145,32,0,0
BRDA:145,32,1,0
BRDA:146,33,0,0
BRDA:146,33,1,0
BRDA:158,34,0,0
BRDA:158,34,1,0
BRDA:172,35,0,0
BRDA:172,35,1,0
BRDA:172,36,0,0
BRDA:172,36,1,0
BRDA:172,36,2,0
BRDA:172,36,3,0
BRDA:176,37,0,0
BRDA:176,37,1,0
BRF:81
BRH:13
end_of_record
TN:
SF:src\controllers\authController.js
FN:6,(anonymous_0)
FN:14,(anonymous_1)
FN:42,(anonymous_2)
FN:84,(anonymous_3)
FN:93,(anonymous_4)
FNF:5
FNH:5
FNDA:14,(anonymous_0)
FNDA:15,(anonymous_1)
FNDA:16,(anonymous_2)
FNDA:1,(anonymous_3)
FNDA:1,(anonymous_4)
DA:1,6
DA:2,6
DA:3,6
DA:4,6
DA:6,6
DA:7,14
DA:14,6
DA:15,15
DA:16,15
DA:18,15
DA:19,15
DA:20,1
DA:23,14
DA:25,14
DA:27,14
DA:38,0
DA:42,6
DA:43,16
DA:44,16
DA:46,16
DA:47,16
DA:48,1
DA:51,15
DA:52,15
DA:53,1
DA:56,14
DA:57,0
DA:60,14
DA:62,14
DA:69,14
DA:80,0
DA:84,6
DA:85,1
DA:86,1
DA:87,1
DA:89,0
DA:93,6
DA:94,1
DA:95,1
DA:99,1
DA:100,0
DA:103,1
DA:105,0
DA:109,6
LF:44
LH:38
BRDA:10,0,0,14
BRDA:10,0,1,0
BRDA:19,1,0,1
BRDA:19,1,1,14
BRDA:47,2,0,1
BRDA:47,2,1,15
BRDA:52,3,0,1
BRDA:52,3,1,14
BRDA:56,4,0,0
BRDA:56,4,1,14
BRDA:65,5,0,0
BRDA:65,5,1,14
BRDA:99,6,0,0
BRDA:99,6,1,1
BRF:14
BRH:10
end_of_record
TN:
SF:src\controllers\dashboardController.js
FN:5,(anonymous_0)
FN:13,(anonymous_1)
FN:54,(anonymous_2)
FN:75,(anonymous_3)
FNF:4
FNH:4
FNDA:3,(anonymous_0)
FNDA:2,(anonymous_1)
FNDA:1,(anonymous_2)
FNDA:1,(anonymous_3)
DA:1,6
DA:2,6
DA:3,6
DA:5,6
DA:6,3
DA:7,3
DA:8,3
DA:9,3
DA:10,3
DA:13,6
DA:14,2
DA:15,2
DA:16,2
DA:17,2
DA:19,2
DA:21,2
DA:25,2
DA:29,2
DA:33,2
DA:35,2
DA:39,2
DA:50,0
DA:54,6
DA:55,1
DA:56,1
DA:58,1
DA:69,1
DA:71,0
DA:75,6
DA:76,1
DA:77,1
DA:82,1
DA:84,0
DA:88,6
LF:34
LH:31
BRF:0
BRH:0
end_of_record
TN:
SF:src\controllers\doctorController.js
FN:6,(anonymous_0)
FN:43,(anonymous_1)
FN:62,(anonymous_2)
FN:78,(anonymous_3)
FN:89,(anonymous_4)
FN:114,(anonymous_5)
FN:123,(anonymous_6)
FNF:7
FNH:2
FNDA:1,(anonymous_0)
FNDA:0,(anonymous_1)
FNDA:1,(anonymous_2)
FNDA:0,(anonymous_3)
FNDA:0,(anonymous_4)
FNDA:0,(anonymous_5)
FNDA:0,(anonymous_6)
DA:1,6
DA:2,6
DA:3,6
DA:4,6
DA:6,6
DA:7,1
DA:8,1
DA:9,1
DA:10,1
DA:12,1
DA:13,1
DA:14,0
DA:15,0
DA:21,1
DA:31,1
DA:39,0
DA:43,6
DA:44,0
DA:45,0
DA:47,0
DA:48,0
DA:49,0
DA:51,0
DA:52,0
DA:54,0
DA:56,0
DA:58,0
DA:62,6
DA:63,1
DA:64,1
DA:70,1
DA:72,0
DA:74,0
DA:78,6
DA:79,0
DA:80,0
DA:81,0
DA:83,0
DA:84,0
DA:87,0
DA:88,0
DA:89,0
DA:90,0
DA:93,0
DA:95,0
DA:96,0
DA:97,0
DA:98,0
DA:102,0
DA:108,0
DA:110,0
DA:114,6
DA:115,0
DA:116,0
DA:117,0
DA:119,0
DA:120,0
DA:122,0
DA:123,0
DA:124,0
DA:125,0
DA:132,0
DA:142,0
DA:148,0
DA:152,6
LF:65
LH:21
BRDA:8,0,0,1
BRDA:8,0,1,1
BRDA:9,1,0,1
BRDA:9,1,1,1
BRDA:13,2,0,0
BRDA:13,2,1,1
BRDA:48,3,0,0
BRDA:48,3,1,0
BRDA:49,4,0,0
BRDA:49,4,1,0
BRDA:52,5,0,0
BRDA:52,5,1,0
BRDA:70,6,0,1
BRDA:70,6,1,0
BRDA:81,7,0,0
BRDA:81,7,1,0
BRDA:83,8,0,0
BRDA:83,8,1,0
BRDA:83,9,0,0
BRDA:83,9,1,0
BRDA:90,10,0,0
BRDA:90,10,1,0
BRDA:95,11,0,0
BRDA:95,11,1,0
BRDA:97,12,0,0
BRDA:97,12,1,0
BRDA:117,13,0,0
BRDA:117,13,1,0
BRDA:120,14,0,0
BRDA:120,14,1,0
BRDA:123,15,0,0
BRDA:123,15,1,0
BRDA:124,16,0,0
BRDA:124,16,1,0
BRDA:124,17,0,0
BRDA:124,17,1,0
BRF:36
BRH:6
end_of_record
TN:
SF:src\controllers\patientController.js
FN:6,(anonymous_0)
FN:41,(anonymous_1)
FN:70,(anonymous_2)
FN:86,(anonymous_3)
FN:93,(anonymous_4)
FN:105,(anonymous_5)
FN:118,(anonymous_6)
FN:133,(anonymous_7)
FN:140,(anonymous_8)
FNF:9
FNH:6
FNDA:2,(anonymous_0)
FNDA:5,(anonymous_1)
FNDA:2,(anonymous_2)
FNDA:1,(anonymous_3)
FNDA:9,(anonymous_4)
FNDA:1,(anonymous_5)
FNDA:0,(anonymous_6)
FNDA:0,(anonymous_7)
FNDA:0,(anonymous_8)
DA:1,6
DA:2,6
DA:3,6
DA:4,6
DA:6,6
DA:7,2
DA:8,2
DA:9,2
DA:10,2
DA:12,2
DA:13,2
DA:14,1
DA:15,1
DA:22,2
DA:29,2
DA:37,0
DA:41,6
DA:42,5
DA:43,5
DA:45,5
DA:59,4
DA:64,4
DA:66,1
DA:70,6
DA:71,2
DA:72,2
DA:78,2
DA:80,1
DA:82,0
DA:86,6
DA:87,1
DA:88,1
DA:89,1
DA:91,1
DA:92,1
DA:93,1
DA:94,9
DA:97,1
DA:99,1
DA:101,0
DA:105,6
DA:106,1
DA:107,1
DA:108,1
DA:110,1
DA:112,1
DA:114,0
DA:118,6
DA:119,0
DA:120,0
DA:121,0
DA:123,0
DA:127,0
DA:129,0
DA:133,6
DA:134,0
DA:135,0
DA:136,0
DA:138,0
DA:139,0
DA:140,0
DA:141,0
DA:144,0
DA:145,0
DA:146,0
DA:148,0
DA:155,0
DA:157,0
DA:161,6
LF:69
LH:46
BRDA:8,0,0,2
BRDA:8,0,1,2
BRDA:9,1,0,2
BRDA:9,1,1,2
BRDA:13,2,0,1
BRDA:13,2,1,1
BRDA:78,3,0,1
BRDA:78,3,1,1
BRDA:89,4,0,0
BRDA:89,4,1,1
BRDA:94,5,0,2
BRDA:94,5,1,7
BRDA:108,6,0,0
BRDA:108,6,1,1
BRDA:121,7,0,0
BRDA:121,7,1,0
BRDA:136,8,0,0
BRDA:136,8,1,0
BRDA:141,9,0,0
BRDA:141,9,1,0
BRDA:145,10,0,0
BRDA:145,10,1,0
BRF:22
BRH:12
end_of_record
TN:
SF:src\controllers\prescriptionController.js
FN:5,(anonymous_0)
FN:46,(anonymous_1)
FN:71,(anonymous_2)
FN:98,(anonymous_3)
FN:119,(anonymous_4)
FN:142,(anonymous_5)
FNF:6
FNH:6
FNDA:1,(anonymous_0)
FNDA:3,(anonymous_1)
FNDA:2,(anonymous_2)
FNDA:2,(anonymous_3)
FNDA:2,(anonymous_4)
FNDA:1,(anonymous_5)
DA:1,6
DA:2,6
DA:3,6
DA:5,6
DA:6,1
DA:7,1
DA:8,1
DA:9,1
DA:11,1
DA:12,1
DA:13,1
DA:15,1
DA:16,0
DA:17,0
DA:20,1
DA:34,1
DA:42,0
DA:46,6
DA:47,3
DA:48,3
DA:50,3
DA:51,1
DA:54,2
DA:55,2
DA:57,2
DA:58,2
DA:59,2
DA:61,2
DA:71,2
DA:80,2
DA:82,2
DA:92,2
DA:94,0
DA:98,6
DA:99,2
DA:100,2
DA:111,2
DA:113,1
DA:115,0
DA:119,6
DA:120,2
DA:121,2
DA:128,2
DA:130,2
DA:131,1
DA:134,1
DA:136,1
DA:138,0
DA:142,6
DA:143,1
DA:144,1
DA:145,1
DA:147,1
DA:148,0
DA:151,1
DA:152,1
DA:154,0
DA:158,6
LF:58
LH:50
BRDA:7,0,0,1
BRDA:7,0,1,1
BRDA:8,1,0,1
BRDA:8,1,1,1
BRDA:12,2,0,0
BRDA:12,2,1,1
BRDA:13,3,0,0
BRDA:13,3,1,1
BRDA:15,4,0,0
BRDA:15,4,1,1
BRDA:17,5,0,0
BRDA:17,5,1,0
BRDA:50,6,0,1
BRDA:50,6,1,2
BRDA:50,7,0,3
BRDA:50,7,1,3
BRDA:54,8,0,2
BRDA:54,8,1,1
BRDA:55,9,0,0
BRDA:55,9,1,2
BRDA:64,10,0,2
BRDA:64,10,1,2
BRDA:111,11,0,1
BRDA:111,11,1,1
BRDA:128,12,0,0
BRDA:128,12,1,2
BRDA:130,13,0,1
BRDA:130,13,1,1
BRDA:145,14,0,0
BRDA:145,14,1,1
BRDA:147,15,0,0
BRDA:147,15,1,1
BRF:32
BRH:23
end_of_record
TN:
SF:src\middleware\auth.js
FN:4,(anonymous_0)
FNF:1
FNH:1
FNDA:48,(anonymous_0)
DA:1,7
DA:2,7
DA:4,7
DA:5,48
DA:6,48
DA:8,48
DA:9,48
DA:10,38
DA:13,48
DA:14,0
DA:17,48
DA:18,10
DA:21,38
DA:22,36
DA:23,36
DA:25,2
DA:26,0
DA:28,2
DA:29,2
DA:31,0
DA:35,7
LF:21
LH:18
BRDA:9,0,0,38
BRDA:9,0,1,10
BRDA:9,1,0,48
BRDA:9,1,1,38
BRDA:13,2,0,0
BRDA:13,2,1,48
BRDA:13,3,0,48
BRDA:13,3,1,10
BRDA:13,3,2,10
BRDA:17,4,0,10
BRDA:17,4,1,38
BRDA:25,5,0,0
BRDA:25,5,1,2
BRDA:28,6,0,2
BRDA:28,6,1,0
BRF:15
BRH:12
end_of_record
TN:
SF:src\middleware\error.js
FN:4,(anonymous_0)
FN:8,(anonymous_1)
FN:16,(anonymous_2)
FNF:3
FNH:2
FNDA:5,(anonymous_0)
FNDA:3,(anonymous_1)
FNDA:0,(anonymous_2)
DA:1,7
DA:2,7
DA:4,7
DA:5,5
DA:7,5
DA:8,3
DA:12,3
DA:15,2
DA:16,0
DA:20,0
DA:23,2
DA:24,2
DA:26,2
DA:31,2
DA:32,0
DA:35,2
DA:38,7
LF:17
LH:14
BRDA:5,0,0,5
BRDA:5,0,1,0
BRDA:7,1,0,3
BRDA:7,1,1,2
BRDA:15,2,0,0
BRDA:15,2,1,2
BRDA:23,3,0,2
BRDA:23,3,1,1
BRDA:24,4,0,2
BRDA:24,4,1,0
BRDA:31,5,0,0
BRDA:31,5,1,2
BRF:12
BRH:8
end_of_record
TN:
SF:src\middleware\rbac.js
FN:3,(anonymous_0)
FN:4,(anonymous_1)
FNF:2
FNH:2
FNDA:112,(anonymous_0)
FNDA:24,(anonymous_1)
DA:1,7
DA:3,7
DA:4,112
DA:5,24
DA:6,0
DA:9,24
DA:10,4
DA:13,20
DA:17,7
LF:9
LH:8
BRDA:5,0,0,0
BRDA:5,0,1,24
BRDA:9,1,0,4
BRDA:9,1,1,20
BRF:4
BRH:3
end_of_record
TN:
SF:src\middleware\validate.js
FN:3,(anonymous_0)
FN:4,(anonymous_1)
FN:11,(anonymous_2)
FNF:3
FNH:3
FNDA:15,(anonymous_0)
FNDA:37,(anonymous_1)
FNDA:7,(anonymous_2)
DA:1,7
DA:3,7
DA:4,15
DA:5,37
DA:10,37
DA:11,7
DA:15,5
DA:18,32
DA:19,32
DA:23,7
LF:10
LH:10
BRDA:10,0,0,5
BRDA:10,0,1,32
BRF:2
BRH:2
end_of_record
TN:
SF:src\models\Appointment.js
FN:74,(anonymous_0)
FNF:1
FNH:1
FNDA:1,(anonymous_0)
DA:1,6
DA:2,6
DA:3,6
DA:5,6
DA:74,6
DA:75,1
DA:76,0
DA:78,1
DA:79,0
DA:80,0
DA:81,0
DA:85,6
LF:12
LH:8
BRDA:75,0,0,0
BRDA:75,0,1,1
BRDA:78,1,0,0
BRDA:78,1,1,1
BRF:4
BRH:2
end_of_record
TN:
SF:src\models\Doctor.js
FN:54,(anonymous_0)
FNF:1
FNH:1
FNDA:2,(anonymous_0)
DA:1,6
DA:2,6
DA:3,6
DA:5,6
DA:54,6
DA:55,2
DA:56,0
DA:60,6
LF:8
LH:7
BRDA:55,0,0,0
BRDA:55,0,1,2
BRF:2
BRH:1
end_of_record
TN:
SF:src\models\MedicalHistory.js
FN:50,(anonymous_0)
FNF:1
FNH:1
FNDA:4,(anonymous_0)
DA:1,6
DA:2,6
DA:3,6
DA:5,6
DA:50,6
DA:51,4
DA:52,0
DA:56,6
LF:8
LH:7
BRDA:51,0,0,0
BRDA:51,0,1,4
BRF:2
BRH:1
end_of_record
TN:
SF:src\models\Patient.js
FN:60,(anonymous_0)
FNF:1
FNH:1
FNDA:4,(anonymous_0)
DA:1,6
DA:2,6
DA:3,6
DA:5,6
DA:60,6
DA:61,4
DA:62,0
DA:64,4
DA:65,0
DA:66,0
DA:67,0
DA:71,6
LF:12
LH:8
BRDA:61,0,0,0
BRDA:61,0,1,4
BRDA:64,1,0,0
BRDA:64,1,1,4
BRF:4
BRH:2
end_of_record
TN:
SF:src\models\Prescription.js
FN:67,(anonymous_0)
FNF:1
FNH:1
FNDA:3,(anonymous_0)
DA:1,6
DA:2,6
DA:3,6
DA:5,6
DA:67,6
DA:68,3
DA:69,0
DA:71,3
DA:72,0
DA:73,0
DA:74,0
DA:78,6
LF:12
LH:8
BRDA:68,0,0,0
BRDA:68,0,1,3
BRDA:71,1,0,0
BRDA:71,1,1,3
BRF:4
BRH:2
end_of_record
TN:
SF:src\models\PrescriptionItem.js
FN:48,(anonymous_0)
FNF:1
FNH:0
FNDA:0,(anonymous_0)
DA:1,6
DA:2,6
DA:3,6
DA:5,6
DA:48,6
DA:49,0
DA:50,0
DA:54,6
LF:8
LH:6
BRDA:49,0,0,0
BRDA:49,0,1,0
BRF:2
BRH:0
end_of_record
TN:
SF:src\models\User.js
FN:40,(anonymous_0)
FNF:1
FNH:1
FNDA:14,(anonymous_0)
DA:1,6
DA:2,6
DA:3,6
DA:5,6
DA:40,6
DA:41,14
DA:42,0
DA:46,6
LF:8
LH:7
BRDA:41,0,0,0
BRDA:41,0,1,14
BRF:2
BRH:1
end_of_record
TN:
SF:src\models\index.js
FN:43,(anonymous_0)
FNF:1
FNH:0
FNDA:0,(anonymous_0)
DA:1,6
DA:2,6
DA:3,6
DA:4,6
DA:5,6
DA:6,6
DA:7,6
DA:8,6
DA:11,6
DA:12,6
DA:15,6
DA:16,6
DA:19,6
DA:20,6
DA:23,6
DA:24,6
DA:27,6
DA:28,6
DA:31,6
DA:32,6
DA:35,6
DA:36,6
DA:39,6
DA:40,6
DA:43,6
DA:44,0
DA:45,0
DA:46,0
DA:48,0
DA:49,0
DA:53,6
LF:31
LH:26
BRF:0
BRH:0
end_of_record
TN:
SF:src\routes\appointments.js
FNF:0
FNH:0
DA:1,6
DA:2,6
DA:3,6
DA:4,6
DA:5,6
DA:7,6
DA:9,6
DA:10,6
DA:11,6
DA:12,6
DA:13,6
DA:14,6
DA:16,6
LF:13
LH:13
BRF:0
BRH:0
end_of_record
TN:
SF:src\routes\auth.js
FN:45,(anonymous_0)
FN:68,(anonymous_1)
FN:87,(anonymous_2)
FNF:3
FNH:0
FNDA:0,(anonymous_0)
FNDA:0,(anonymous_1)
FNDA:0,(anonymous_2)
DA:1,6
DA:2,6
DA:3,6
DA:4,6
DA:5,6
DA:6,6
DA:7,6
DA:8,6
DA:9,6
DA:11,6
DA:29,6
DA:39,6
DA:40,6
DA:41,6
DA:42,6
DA:45,6
DA:46,0
DA:47,0
DA:48,0
DA:49,0
DA:50,0
DA:51,0
DA:56,0
DA:61,0
DA:63,0
DA:68,6
DA:69,0
DA:70,0
DA:71,0
DA:72,0
DA:74,0
DA:76,0
DA:82,0
DA:87,6
DA:88,0
DA:89,0
DA:90,0
DA:91,0
DA:93,0
DA:94,0
DA:96,0
DA:97,0
DA:98,0
DA:100,0
DA:102,0
DA:106,6
LF:46
LH:19
BRDA:49,0,0,0
BRDA:49,0,1,0
BRDA:50,1,0,0
BRDA:50,1,1,0
BRDA:71,2,0,0
BRDA:71,2,1,0
BRDA:72,3,0,0
BRDA:72,3,1,0
BRDA:79,4,0,0
BRDA:79,4,1,0
BRDA:90,5,0,0
BRDA:90,5,1,0
BRDA:90,6,0,0
BRDA:90,6,1,0
BRDA:94,7,0,0
BRDA:94,7,1,0
BRF:16
BRH:0
end_of_record
TN:
SF:src\routes\dashboard.js
FNF:0
FNH:0
DA:1,6
DA:2,6
DA:3,6
DA:4,6
DA:5,6
DA:7,6
DA:9,6
DA:10,6
DA:11,6
DA:13,6
LF:10
LH:10
BRF:0
BRH:0
end_of_record
TN:
SF:src\routes\doctors.js
FNF:0
FNH:0
DA:1,6
DA:2,6
DA:3,6
DA:4,6
DA:5,6
DA:7,6
DA:9,6
DA:10,6
DA:11,6
DA:12,6
DA:13,6
DA:15,6
LF:12
LH:12
BRF:0
BRH:0
end_of_record
TN:
SF:src\routes\patients.js
FNF:0
FNH:0
DA:1,6
DA:2,6
DA:3,6
DA:4,6
DA:5,6
DA:7,6
DA:9,6
DA:10,6
DA:11,6
DA:12,6
DA:13,6
DA:14,6
DA:15,6
DA:17,6
LF:14
LH:14
BRF:0
BRH:0
end_of_record
TN:
SF:src\routes\prescriptions.js
FNF:0
FNH:0
DA:1,6
DA:2,6
DA:3,6
DA:4,6
DA:5,6
DA:7,6
DA:9,6
DA:10,6
DA:11,6
DA:12,6
DA:13,6
DA:15,6
LF:12
LH:12
BRF:0
BRH:0
end_of_record
TN:
SF:src\services\conflictService.js
FN:4,(anonymous_0)
FN:26,(anonymous_1)
FN:40,(anonymous_2)
FNF:3
FNH:3
FNDA:1,(anonymous_0)
FNDA:1,(anonymous_1)
FNDA:5,(anonymous_2)
DA:1,6
DA:2,6
DA:4,6
DA:5,1
DA:14,1
DA:15,0
DA:18,1
DA:20,1
DA:26,6
DA:27,1
DA:28,1
DA:30,1
DA:31,1
DA:32,1
DA:34,1
DA:35,1
DA:36,1
DA:37,1
DA:39,1
DA:40,5
DA:41,1
DA:42,0
DA:46,1
DA:49,6
LF:24
LH:22
BRDA:4,0,0,1
BRDA:14,1,0,0
BRDA:14,1,1,1
BRDA:28,2,0,0
BRDA:28,2,1,1
BRDA:39,3,0,1
BRDA:39,3,1,0
BRDA:41,4,0,0
BRDA:41,4,1,1
BRDA:41,5,0,1
BRDA:41,5,1,1
BRF:11
BRH:7
end_of_record
TN:
SF:src\services\emailService.js
FN:3,(anonymous_0)
FNF:1
FNH:0
FNDA:0,(anonymous_0)
DA:1,0
DA:3,0
DA:4,0
DA:5,0
DA:12,0
DA:13,0
DA:15,0
DA:16,0
DA:20,0
LF:9
LH:0
BRF:0
BRH:0
end_of_record
TN:
SF:src\utils\apiResponse.js
FN:1,(anonymous_0)
FN:9,(anonymous_1)
FN:18,(anonymous_2)
FN:22,(anonymous_3)
FN:36,(anonymous_4)
FNF:5
FNH:3
FNDA:55,(anonymous_0)
FNDA:36,(anonymous_1)
FNDA:0,(anonymous_2)
FNDA:0,(anonymous_3)
FNDA:21,(anonymous_4)
DA:1,9
DA:2,55
DA:9,9
DA:10,36
DA:14,36
DA:15,36
DA:18,9
DA:19,0
DA:22,9
DA:23,0
DA:36,9
DA:37,21
DA:40,9
LF:13
LH:11
BRDA:1,0,0,0
BRDA:1,1,0,0
BRDA:1,2,0,33
BRDA:9,3,0,0
BRDA:9,4,0,1
BRDA:9,5,0,11
BRDA:14,6,0,8
BRDA:14,6,1,28
BRDA:14,7,0,36
BRDA:14,7,1,36
BRDA:18,8,0,0
BRDA:18,9,0,0
BRDA:18,10,0,0
BRDA:22,11,0,0
BRDA:36,12,0,0
BRDA:36,13,0,0
BRDA:36,14,0,16
BRDA:37,15,0,21
BRDA:37,15,1,16
BRF:19
BRH:10
end_of_record
TN:
SF:src\utils\generateId.js
FN:3,(anonymous_0)
FN:7,(anonymous_1)
FN:13,(anonymous_2)
FN:19,(anonymous_3)
FNF:4
FNH:4
FNDA:12,(anonymous_0)
FNDA:7,(anonymous_1)
FNDA:1,(anonymous_2)
FNDA:1,(anonymous_3)
DA:1,7
DA:3,7
DA:4,12
DA:7,7
DA:8,7
DA:9,7
DA:10,7
DA:13,7
DA:14,1
DA:15,1
DA:16,1
DA:19,7
DA:20,1
DA:21,1
DA:22,1
DA:25,7
LF:16
LH:16
BRF:0
BRH:0
end_of_record
